馃攳 Es2025Parser MWE + 浜屽垎澧為噺璋冭瘯
================================================================================
馃摑 浠ｇ爜: let a = 1
鉁?璇嶆硶鍒嗘瀽: 4 tokens

馃敩 浜屽垎澧為噺璋冭瘯妯″紡
================================================================================
绛栫暐锛氫粠鏈€搴曞眰瑙勫垯閫愬眰娴嬭瘯锛屾壘鍑洪棶棰樺眰绾?

[鈻竇 娴嬭瘯灞傜骇 1: LexicalDeclaration
--------------------------------------------------------------------------------

鉁?LexicalDeclaration 瑙ｆ瀽鎴愬姛锛圱oken瀹屾暣: 4/4锛?
[鈻糕柛] 娴嬭瘯灞傜骇 2: Declaration
--------------------------------------------------------------------------------

鉁?Declaration 瑙ｆ瀽鎴愬姛锛圱oken瀹屾暣: 4/4锛?
[鈻糕柛鈻竇 娴嬭瘯灞傜骇 3: StatementListItem
--------------------------------------------------------------------------------

鉁?StatementListItem 瑙ｆ瀽鎴愬姛锛圱oken瀹屾暣: 4/4锛?
[鈻糕柛鈻糕柛] 娴嬭瘯灞傜骇 4: StatementList
--------------------------------------------------------------------------------

鉁?StatementList 瑙ｆ瀽鎴愬姛锛圱oken瀹屾暣: 4/4锛?
[鈻糕柛鈻糕柛鈻竇 娴嬭瘯灞傜骇 5: Script
--------------------------------------------------------------------------------
鈹溾攢Script > StatementList > StatementListItem > ... > LexicalDeclaration > LetOrConst
鈹? 鈹溾攢馃攢 LetOrConst(Or) 1
鈹? 鈹? 鈹斺攢[Branch #1] 2
鈹? 鈹? 鈹? 鈹斺攢馃敼 Consume token[0] - let - <LetTok> [1:1-3] 鉁? 3
鈹? 鈹溾攢BindingList > LexicalBinding > BindingIdentifier
鈹? 鈹? 鈹溾攢[Branch #1] 2
鈹? 鈹? 鈹? 鈹斺攢Identifier 3
鈹? 鈹? 鈹? 鈹? 鈹斺攢馃敼 Consume token[1] - a - <Identifier> [1:5-5] 鉁? 4
鈹? 鈹? 鈹斺攢Initializer 2
鈹? 鈹? 鈹? 鈹斺攢馃敼 Consume token[2] - = - <Assign> [1:7-7] 鉁? 3
鈹? 鈹? 鈹? 鈹溾攢AssignmentExpression > ConditionalExpression > ShortCircuitExpression > ... > PrimaryExpression > Literal
鈹? 鈹? 鈹? 鈹? 鈹溾攢馃攢 Literal(Or) 4
鈹? 鈹? 鈹? 鈹? 鈹? 鈹斺攢[Branch #4] 5
鈹? 鈹? 鈹? 鈹? 鈹? 鈹? 鈹斺攢馃敼 Consume token[3] - 1 - <NumericLiteral> [1:9-9] 鉁? 6
鈹? 鈹? 鈹? 鈹? 鈹斺攢[Branch #2] 4
get key:LeftHandSideExpression:3:0:0:-1:-1::
LeftHandSideExpression
[ 'LeftHandSideExpression:3:1:0:0:-1::' ]
get key:LeftHandSideExpression:3:1:0:0:-1::
LeftHandSideExpression
[ 'LeftHandSideExpression:3:0:1:0:0::' ]
get key:LeftHandSideExpression:3:0:1:0:0::
LeftHandSideExpression
[ 'NewExpression:3:0:0:-1:-1::' ]
get key:NewExpression:3:0:0:-1:-1::
NewExpression
[ 'NewExpression:3:1:0:0:-1::' ]
get key:NewExpression:3:1:0:0:-1::
NewExpression
[ 'NewExpression:3:0:1:0:0::' ]
get key:NewExpression:3:0:1:0:0::
NewExpression
[ 'MemberExpression:3:0:0:-1:-1::' ]
get key:MemberExpression:3:0:0:-1:-1::
MemberExpression
[ 'MemberExpression:3:1:0:0:-1::' ]
get key:MemberExpression:3:1:0:0:-1::
MemberExpression
[ 'MemberExpression:3:0:1:0:0::' ]
get key:MemberExpression:3:0:1:0:0::
MemberExpression
[ 'PrimaryExpression:3:0:0:-1:-1::' ]
get key:PrimaryExpression:3:0:0:-1:-1::
PrimaryExpression
[ 'PrimaryExpression:3:1:0:0:-1::' ]
get key:PrimaryExpression:3:1:0:0:-1::
PrimaryExpression
[ 'PrimaryExpression:3:0:1:0:2::' ]
get key:PrimaryExpression:3:0:1:0:2::
PrimaryExpression
[ 'Literal:3:0:0:-1:-1::' ]
get key:Literal:3:0:0:-1:-1::
Literal
[ 'Literal:3:1:0:0:-1::' ]
get key:Literal:3:1:0:0:-1::
Literal
[ 'Literal:3:0:1:0:3::' ]
get key:Literal:3:0:1:0:3::
Literal
[ 'undefined:3:0:0:-1:-1:1:NumericLiteral' ]
get key:undefined:3:0:0:-1:-1:1:NumericLiteral
undefined
undefined
cacheKey
LeftHandSideExpression:3:0:0:-1:-1::
[
  'Script',
  'StatementList',
  'StatementListItem',
  'StatementListItem',
  'StatementListItem',
  'Declaration',
  'Declaration',
  'Declaration',
  'LexicalDeclaration',
  'BindingList',
  'LexicalBinding',
  'LexicalBinding',
  'LexicalBinding',
  'Initializer',
  'AssignmentExpression',
  'AssignmentExpression',
  'AssignmentExpression',
  'ConditionalExpression',
  'ConditionalExpression',
  'ConditionalExpression',
  'ShortCircuitExpression',
  'ShortCircuitExpression',
  'ShortCircuitExpression',
  'LogicalORExpression',
  'LogicalANDExpression',
  'BitwiseORExpression',
  'BitwiseXORExpression',
  'BitwiseANDExpression',
  'EqualityExpression',
  'RelationalExpression',
  'ShiftExpression',
  'AdditiveExpression',
  'MultiplicativeExpression',
  'ExponentiationExpression',
  'ExponentiationExpression',
  'ExponentiationExpression',
  'UpdateExpression',
  'UpdateExpression',
  'UpdateExpression',
  'LeftHandSideExpression',
  'LeftHandSideExpression',
  'LeftHandSideExpression',
  'NewExpression',
  'NewExpression',
  'NewExpression',
  'MemberExpression',
  'MemberExpression',
  'MemberExpression',
  'PrimaryExpression',
  'PrimaryExpression',
  'PrimaryExpression',
  'Literal',
  'Literal',
  'Literal',
  undefined
]
[
  true,  true,  true,  true,  true,  true,  true,
  true,  true,  true,  true,  true,  true,  true,
  true,  true,  true,  true,  true,  true,  true,
  true,  true,  true,  true,  true,  true,  true,
  true,  true,  true,  true,  true,  true,  true,
  true,  true,  true,  true,  false, false, false,
  false, false, false, false, false, false, false,
  false, false, false, false, false, false
]
鈹? 鈹? 鈹? 鈹? 鈹? 鈹溾攢LeftHandSideExpression > NewExpression > MemberExpression > PrimaryExpression > Literal
鈹? 鈹? 鈹? 鈹? 鈹? 鈹? 鈹溾攢馃攢 Literal(Or) 鈿Cached] 6

鈿狅笍 displayDepth 涓嶅尮閰嶆鏌?
  瑙勫垯: Literal
  缂撳瓨涓殑 displayDepth: 6
  褰撳墠璁＄畻鐨?depth: 6
  shouldBreakLine: true
  orBranchInfo: {
  orIndex: 0,
  branchIndex: undefined,
  isOrEntry: true,
  isOrBranch: false,
  totalBranches: undefined
}
  鉁?鍖归厤
鈹? 鈹? 鈹? 鈹? 鈹? 鈹? 鈹? 鈹溾攢[Branch #4] 鈿Cached] 7

鈿狅笍 displayDepth 涓嶅尮閰嶆鏌?
  瑙勫垯: Literal
  缂撳瓨涓殑 displayDepth: 7
  褰撳墠璁＄畻鐨?depth: 7
  shouldBreakLine: true
  orBranchInfo: {
  orIndex: 0,
  branchIndex: 3,
  isOrEntry: false,
  isOrBranch: true,
  totalBranches: 5
}
  鉁?鍖归厤
鈹? 鈹? 鈹? 鈹? 鈹? 鈹? 鈹? 鈹? 鈹斺攢馃敼 Consume token[3] - 1 - <NumericLiteral> [] 鉁? 鈿Cached] 8

鈿狅笍 displayDepth 涓嶅尮閰嶆鏌?
  瑙勫垯: undefined
  缂撳瓨涓殑 displayDepth: 8
  褰撳墠璁＄畻鐨?depth: 8
  shouldBreakLine: true
  orBranchInfo: undefined
  鉁?鍖归厤
鈹? 鈹? 鈹? 鈹? 鈹斺攢[Branch #5] 4
get key:LeftHandSideExpression:3:0:0:-1:-1::
LeftHandSideExpression
[ 'LeftHandSideExpression:3:1:0:0:-1::' ]
get key:LeftHandSideExpression:3:1:0:0:-1::
LeftHandSideExpression
[ 'LeftHandSideExpression:3:0:1:0:0::' ]
get key:LeftHandSideExpression:3:0:1:0:0::
LeftHandSideExpression
[ 'NewExpression:3:0:0:-1:-1::' ]
get key:NewExpression:3:0:0:-1:-1::
NewExpression
[ 'NewExpression:3:1:0:0:-1::' ]
get key:NewExpression:3:1:0:0:-1::
NewExpression
[ 'NewExpression:3:0:1:0:0::' ]
get key:NewExpression:3:0:1:0:0::
NewExpression
[ 'MemberExpression:3:0:0:-1:-1::' ]
get key:MemberExpression:3:0:0:-1:-1::
MemberExpression
[ 'MemberExpression:3:1:0:0:-1::' ]
get key:MemberExpression:3:1:0:0:-1::
MemberExpression
[ 'MemberExpression:3:0:1:0:0::' ]
get key:MemberExpression:3:0:1:0:0::
MemberExpression
[ 'PrimaryExpression:3:0:0:-1:-1::' ]
get key:PrimaryExpression:3:0:0:-1:-1::
PrimaryExpression
[ 'PrimaryExpression:3:1:0:0:-1::' ]
get key:PrimaryExpression:3:1:0:0:-1::
PrimaryExpression
[ 'PrimaryExpression:3:0:1:0:2::' ]
get key:PrimaryExpression:3:0:1:0:2::
PrimaryExpression
[ 'Literal:3:0:0:-1:-1::' ]
get key:Literal:3:0:0:-1:-1::
Literal
[ 'Literal:3:1:0:0:-1::' ]
get key:Literal:3:1:0:0:-1::
Literal
[ 'Literal:3:0:1:0:3::' ]
get key:Literal:3:0:1:0:3::
Literal
[ 'undefined:3:0:0:-1:-1:1:NumericLiteral' ]
get key:undefined:3:0:0:-1:-1:1:NumericLiteral
undefined
undefined
cacheKey
LeftHandSideExpression:3:0:0:-1:-1::
[
  'Script',
  'StatementList',
  'StatementListItem',
  'StatementListItem',
  'StatementListItem',
  'Declaration',
  'Declaration',
  'Declaration',
  'LexicalDeclaration',
  'BindingList',
  'LexicalBinding',
  'LexicalBinding',
  'LexicalBinding',
  'Initializer',
  'AssignmentExpression',
  'AssignmentExpression',
  'AssignmentExpression',
  'ConditionalExpression',
  'ConditionalExpression',
  'ConditionalExpression',
  'ShortCircuitExpression',
  'ShortCircuitExpression',
  'ShortCircuitExpression',
  'LogicalORExpression',
  'LogicalANDExpression',
  'BitwiseORExpression',
  'BitwiseXORExpression',
  'BitwiseANDExpression',
  'EqualityExpression',
  'RelationalExpression',
  'ShiftExpression',
  'AdditiveExpression',
  'MultiplicativeExpression',
  'ExponentiationExpression',
  'ExponentiationExpression',
  'ExponentiationExpression',
  'UpdateExpression',
  'UpdateExpression',
  'UpdateExpression',
  'LeftHandSideExpression',
  'LeftHandSideExpression',
  'LeftHandSideExpression',
  'NewExpression',
  'NewExpression',
  'NewExpression',
  'MemberExpression',
  'MemberExpression',
  'MemberExpression',
  'PrimaryExpression',
  'PrimaryExpression',
  'PrimaryExpression',
  'Literal',
  'Literal',
  'Literal',
  undefined
]
[
  true,  true,  true,  true,  true,  true,  true,
  true,  true,  true,  true,  true,  true,  true,
  true,  true,  true,  true,  true,  true,  true,
  true,  true,  true,  true,  true,  true,  true,
  true,  true,  true,  true,  true,  true,  true,
  true,  true,  true,  true,  false, false, false,
  false, false, false, false, false, false, false,
  false, false, false, false, false, false
]
鈹? 鈹? 鈹? 鈹? 鈹? 鈹溾攢LeftHandSideExpression > NewExpression > MemberExpression > PrimaryExpression > Literal
鈹? 鈹? 鈹? 鈹? 鈹? 鈹? 鈹溾攢馃攢 Literal(Or) 鈿Cached] 6

鈿狅笍 displayDepth 涓嶅尮閰嶆鏌?
  瑙勫垯: Literal
  缂撳瓨涓殑 displayDepth: 6
  褰撳墠璁＄畻鐨?depth: 6
  shouldBreakLine: true
  orBranchInfo: {
  orIndex: 0,
  branchIndex: undefined,
  isOrEntry: true,
  isOrBranch: false,
  totalBranches: undefined
}
  鉁?鍖归厤
鈹? 鈹? 鈹? 鈹? 鈹? 鈹? 鈹? 鈹溾攢[Branch #4] 鈿Cached] 7

鈿狅笍 displayDepth 涓嶅尮閰嶆鏌?
  瑙勫垯: Literal
  缂撳瓨涓殑 displayDepth: 7
  褰撳墠璁＄畻鐨?depth: 7
  shouldBreakLine: true
  orBranchInfo: {
  orIndex: 0,
  branchIndex: 3,
  isOrEntry: false,
  isOrBranch: true,
  totalBranches: 5
}
  鉁?鍖归厤
鈹? 鈹? 鈹? 鈹? 鈹? 鈹? 鈹? 鈹? 鈹斺攢馃敼 Consume token[3] - 1 - <NumericLiteral> [] 鉁? 鈿Cached] 8

鈿狅笍 displayDepth 涓嶅尮閰嶆鏌?
  瑙勫垯: undefined
  缂撳瓨涓殑 displayDepth: 8
  褰撳墠璁＄畻鐨?depth: 8
  shouldBreakLine: true
  orBranchInfo: undefined
  鉁?鍖归厤
鈹? 鈹? 鈹? 鈹? 鈹溾攢UnaryExpression
鈹? 鈹? 鈹? 鈹? 鈹? 鈹溾攢馃攢 UnaryExpression(Or) 5
鈹? 鈹? 鈹? 鈹? 鈹? 鈹? 鈹斺攢[Branch #1] 6
get key:UpdateExpression:3:0:0:-1:-1::
UpdateExpression
[ 'UpdateExpression:3:1:0:0:-1::' ]
get key:UpdateExpression:3:1:0:0:-1::
UpdateExpression
[
  'UpdateExpression:3:0:1:0:0::',
  'UpdateExpression:3:0:1:0:1::',
  'UpdateExpression:3:0:1:0:4::'
]
get key:UpdateExpression:3:0:1:0:0::
UpdateExpression
[ 'LeftHandSideExpression:3:0:0:-1:-1::' ]
get key:LeftHandSideExpression:3:0:0:-1:-1::
LeftHandSideExpression
[ 'LeftHandSideExpression:3:1:0:0:-1::' ]
get key:LeftHandSideExpression:3:1:0:0:-1::
LeftHandSideExpression
[ 'LeftHandSideExpression:3:0:1:0:0::' ]
get key:LeftHandSideExpression:3:0:1:0:0::
LeftHandSideExpression
[ 'NewExpression:3:0:0:-1:-1::' ]
get key:NewExpression:3:0:0:-1:-1::
NewExpression
[ 'NewExpression:3:1:0:0:-1::' ]
get key:NewExpression:3:1:0:0:-1::
NewExpression
[ 'NewExpression:3:0:1:0:0::' ]
get key:NewExpression:3:0:1:0:0::
NewExpression
[ 'MemberExpression:3:0:0:-1:-1::' ]
get key:MemberExpression:3:0:0:-1:-1::
MemberExpression
[ 'MemberExpression:3:1:0:0:-1::' ]
get key:MemberExpression:3:1:0:0:-1::
MemberExpression
[ 'MemberExpression:3:0:1:0:0::' ]
get key:MemberExpression:3:0:1:0:0::
MemberExpression
[ 'PrimaryExpression:3:0:0:-1:-1::' ]
get key:PrimaryExpression:3:0:0:-1:-1::
PrimaryExpression
[ 'PrimaryExpression:3:1:0:0:-1::' ]
get key:PrimaryExpression:3:1:0:0:-1::
PrimaryExpression
[ 'PrimaryExpression:3:0:1:0:2::' ]
get key:PrimaryExpression:3:0:1:0:2::
PrimaryExpression
[ 'Literal:3:0:0:-1:-1::' ]
get key:Literal:3:0:0:-1:-1::
Literal
[ 'Literal:3:1:0:0:-1::' ]
get key:Literal:3:1:0:0:-1::
Literal
[ 'Literal:3:0:1:0:3::' ]
get key:Literal:3:0:1:0:3::
Literal
[ 'undefined:3:0:0:-1:-1:1:NumericLiteral' ]
get key:undefined:3:0:0:-1:-1:1:NumericLiteral
undefined
undefined
get key:UpdateExpression:3:0:1:0:1::
UpdateExpression
[ 'LeftHandSideExpression:3:0:0:-1:-1::' ]
get key:LeftHandSideExpression:3:0:0:-1:-1::
LeftHandSideExpression
[ 'LeftHandSideExpression:3:1:0:0:-1::' ]
get key:LeftHandSideExpression:3:1:0:0:-1::
LeftHandSideExpression
[ 'LeftHandSideExpression:3:0:1:0:0::' ]
get key:LeftHandSideExpression:3:0:1:0:0::
LeftHandSideExpression
[ 'NewExpression:3:0:0:-1:-1::' ]
get key:NewExpression:3:0:0:-1:-1::
NewExpression
[ 'NewExpression:3:1:0:0:-1::' ]
get key:NewExpression:3:1:0:0:-1::
NewExpression
[ 'NewExpression:3:0:1:0:0::' ]
get key:NewExpression:3:0:1:0:0::
NewExpression
[ 'MemberExpression:3:0:0:-1:-1::' ]
get key:MemberExpression:3:0:0:-1:-1::
MemberExpression
[ 'MemberExpression:3:1:0:0:-1::' ]
get key:MemberExpression:3:1:0:0:-1::
MemberExpression
[ 'MemberExpression:3:0:1:0:0::' ]
get key:MemberExpression:3:0:1:0:0::
MemberExpression
[ 'PrimaryExpression:3:0:0:-1:-1::' ]
get key:PrimaryExpression:3:0:0:-1:-1::
PrimaryExpression
[ 'PrimaryExpression:3:1:0:0:-1::' ]
get key:PrimaryExpression:3:1:0:0:-1::
PrimaryExpression
[ 'PrimaryExpression:3:0:1:0:2::' ]
get key:PrimaryExpression:3:0:1:0:2::
PrimaryExpression
[ 'Literal:3:0:0:-1:-1::' ]
get key:Literal:3:0:0:-1:-1::
Literal
[ 'Literal:3:1:0:0:-1::' ]
get key:Literal:3:1:0:0:-1::
Literal
[ 'Literal:3:0:1:0:3::' ]
get key:Literal:3:0:1:0:3::
Literal
[ 'undefined:3:0:0:-1:-1:1:NumericLiteral' ]
get key:undefined:3:0:0:-1:-1:1:NumericLiteral
undefined
undefined
get key:UpdateExpression:3:0:1:0:4::
UpdateExpression
[ 'LeftHandSideExpression:3:0:0:-1:-1::' ]
get key:LeftHandSideExpression:3:0:0:-1:-1::
LeftHandSideExpression
[ 'LeftHandSideExpression:3:1:0:0:-1::' ]
get key:LeftHandSideExpression:3:1:0:0:-1::
LeftHandSideExpression
[ 'LeftHandSideExpression:3:0:1:0:0::' ]
get key:LeftHandSideExpression:3:0:1:0:0::
LeftHandSideExpression
[ 'NewExpression:3:0:0:-1:-1::' ]
get key:NewExpression:3:0:0:-1:-1::
NewExpression
[ 'NewExpression:3:1:0:0:-1::' ]
get key:NewExpression:3:1:0:0:-1::
NewExpression
[ 'NewExpression:3:0:1:0:0::' ]
get key:NewExpression:3:0:1:0:0::
NewExpression
[ 'MemberExpression:3:0:0:-1:-1::' ]
get key:MemberExpression:3:0:0:-1:-1::
MemberExpression
[ 'MemberExpression:3:1:0:0:-1::' ]
get key:MemberExpression:3:1:0:0:-1::
MemberExpression
[ 'MemberExpression:3:0:1:0:0::' ]
get key:MemberExpression:3:0:1:0:0::
MemberExpression
[ 'PrimaryExpression:3:0:0:-1:-1::' ]
get key:PrimaryExpression:3:0:0:-1:-1::
PrimaryExpression
[ 'PrimaryExpression:3:1:0:0:-1::' ]
get key:PrimaryExpression:3:1:0:0:-1::
PrimaryExpression
[ 'PrimaryExpression:3:0:1:0:2::' ]
get key:PrimaryExpression:3:0:1:0:2::
PrimaryExpression
[ 'Literal:3:0:0:-1:-1::' ]
get key:Literal:3:0:0:-1:-1::
Literal
[ 'Literal:3:1:0:0:-1::' ]
get key:Literal:3:1:0:0:-1::
Literal
[ 'Literal:3:0:1:0:3::' ]
get key:Literal:3:0:1:0:3::
Literal
[ 'undefined:3:0:0:-1:-1:1:NumericLiteral' ]
get key:undefined:3:0:0:-1:-1:1:NumericLiteral
undefined
undefined
cacheKey
UpdateExpression:3:0:0:-1:-1::
[
  'Script',
  'StatementList',
  'StatementListItem',
  'StatementListItem',
  'StatementListItem',
  'Declaration',
  'Declaration',
  'Declaration',
  'LexicalDeclaration',
  'BindingList',
  'LexicalBinding',
  'LexicalBinding',
  'LexicalBinding',
  'Initializer',
  'AssignmentExpression',
  'AssignmentExpression',
  'AssignmentExpression',
  'ConditionalExpression',
  'ConditionalExpression',
  'ConditionalExpression',
  'ShortCircuitExpression',
  'ShortCircuitExpression',
  'ShortCircuitExpression',
  'LogicalORExpression',
  'LogicalANDExpression',
  'BitwiseORExpression',
  'BitwiseXORExpression',
  'BitwiseANDExpression',
  'EqualityExpression',
  'RelationalExpression',
  'ShiftExpression',
  'AdditiveExpression',
  'MultiplicativeExpression',
  'ExponentiationExpression',
  'ExponentiationExpression',
  'ExponentiationExpression',
  'UnaryExpression',
  'UnaryExpression',
  'UnaryExpression',
  'UpdateExpression',
  'UpdateExpression',
  'UpdateExpression',
  'LeftHandSideExpression',
  'LeftHandSideExpression',
  'LeftHandSideExpression',
  'NewExpression',
  'NewExpression',
  'NewExpression',
  'MemberExpression',
  'MemberExpression',
  'MemberExpression',
  'PrimaryExpression',
  'PrimaryExpression',
  'PrimaryExpression',
  'Literal',
  'Literal',
  'Literal',
  undefined,
  'UpdateExpression',
  'LeftHandSideExpression',
  'LeftHandSideExpression',
  'LeftHandSideExpression',
  'NewExpression',
  'NewExpression',
  'NewExpression',
  'MemberExpression',
  'MemberExpression',
  'MemberExpression',
  'PrimaryExpression',
  'PrimaryExpression',
  'PrimaryExpression',
  'Literal',
  'Literal',
  'Literal',
  undefined,
  'UpdateExpression',
  'LeftHandSideExpression',
  'LeftHandSideExpression',
  'LeftHandSideExpression',
  'NewExpression',
  'NewExpression',
  'NewExpression',
  'MemberExpression',
  'MemberExpression',
  'MemberExpression',
  'PrimaryExpression',
  'PrimaryExpression',
  'PrimaryExpression',
  'Literal',
  'Literal',
  'Literal',
  undefined
]
[
  true,  true,  true,  true,  true,  true,  true,  true,
  true,  true,  true,  true,  true,  true,  true,  true,
  true,  true,  true,  true,  true,  true,  true,  true,
  true,  true,  true,  true,  true,  true,  true,  true,
  true,  true,  true,  true,  true,  true,  true,  false,
  false, false, false, false, false, false, false, false,
  false, false, false, false, false, false, false, false,
  false, false, false, false, false, false, false, false,
  false, false, false, false, false, false, false, false,
  false, false, false, false, false, false, false, false,
  false, false, false, false, false, false, false, false,
  false, false, false, false
]
鈹? 鈹? 鈹? 鈹? 鈹? 鈹? 鈹? 鈹溾攢UpdateExpression > LeftHandSideExpression > NewExpression > ... > PrimaryExpression > Literal
鈹? 鈹? 鈹? 鈹? 鈹? 鈹? 鈹? 鈹? 鈹溾攢馃攢 Literal(Or) 鈿Cached] 8

鈿狅笍 displayDepth 涓嶅尮閰嶆鏌?
  瑙勫垯: Literal
  缂撳瓨涓殑 displayDepth: 8
  褰撳墠璁＄畻鐨?depth: 8
  shouldBreakLine: true
  orBranchInfo: {
  orIndex: 0,
  branchIndex: undefined,
  isOrEntry: true,
  isOrBranch: false,
  totalBranches: undefined
}
  鉁?鍖归厤
鈹? 鈹? 鈹? 鈹? 鈹? 鈹? 鈹? 鈹? 鈹? 鈹溾攢[Branch #4] 鈿Cached] 9

鈿狅笍 displayDepth 涓嶅尮閰嶆鏌?
  瑙勫垯: Literal
  缂撳瓨涓殑 displayDepth: 9
  褰撳墠璁＄畻鐨?depth: 9
  shouldBreakLine: true
  orBranchInfo: {
  orIndex: 0,
  branchIndex: 3,
  isOrEntry: false,
  isOrBranch: true,
  totalBranches: 5
}
  鉁?鍖归厤
鈹? 鈹? 鈹? 鈹? 鈹? 鈹? 鈹? 鈹? 鈹? 鈹? 鈹溾攢馃敼 Consume token[3] - 1 - <NumericLiteral> [] 鉁? 鈿Cached] 10

鈿狅笍 displayDepth 涓嶅尮閰嶆鏌?
  瑙勫垯: undefined
  缂撳瓨涓殑 displayDepth: 10
  褰撳墠璁＄畻鐨?depth: 10
  shouldBreakLine: true
  orBranchInfo: undefined
  鉁?鍖归厤
鈹? 鈹? 鈹? 鈹? 鈹? 鈹? 鈹? 鈹? 鈹? 鈹? 鈹? 鈹斺攢[Branch #2] 鈿Cached] 11

鈿狅笍 displayDepth 涓嶅尮閰嶆鏌?
  瑙勫垯: UpdateExpression
  缂撳瓨涓殑 displayDepth: 8
  褰撳墠璁＄畻鐨?depth: 11
  shouldBreakLine: true
  orBranchInfo: {
  orIndex: 0,
  branchIndex: 1,
  isOrEntry: false,
  isOrBranch: true,
  totalBranches: 5
}
  鉂?涓嶅尮閰嶏紒
鈹? 鈹? 鈹? 鈹? 鈹? 鈹? 鈹? 鈹? 鈹溾攢LeftHandSideExpression > NewExpression > MemberExpression > PrimaryExpression > Literal
鈹? 鈹? 鈹? 鈹? 鈹? 鈹? 鈹? 鈹? 鈹? 鈹溾攢馃攢 Literal(Or) 鈿Cached] 9

鈿狅笍 displayDepth 涓嶅尮閰嶆鏌?
  瑙勫垯: Literal
  缂撳瓨涓殑 displayDepth: 9
  褰撳墠璁＄畻鐨?depth: 9
  shouldBreakLine: true
  orBranchInfo: {
  orIndex: 0,
  branchIndex: undefined,
  isOrEntry: true,
  isOrBranch: false,
  totalBranches: undefined
}
  鉁?鍖归厤
鈹? 鈹? 鈹? 鈹? 鈹? 鈹? 鈹? 鈹? 鈹? 鈹? 鈹溾攢[Branch #4] 鈿Cached] 10

鈿狅笍 displayDepth 涓嶅尮閰嶆鏌?
  瑙勫垯: Literal
  缂撳瓨涓殑 displayDepth: 10
  褰撳墠璁＄畻鐨?depth: 10
  shouldBreakLine: true
  orBranchInfo: {
  orIndex: 0,
  branchIndex: 3,
  isOrEntry: false,
  isOrBranch: true,
  totalBranches: 5
}
  鉁?鍖归厤
鈹? 鈹? 鈹? 鈹? 鈹? 鈹? 鈹? 鈹? 鈹? 鈹? 鈹? 鈹溾攢馃敼 Consume token[3] - 1 - <NumericLiteral> [] 鉁? 鈿Cached] 11

鈿狅笍 displayDepth 涓嶅尮閰嶆鏌?
  瑙勫垯: undefined
  缂撳瓨涓殑 displayDepth: 11
  褰撳墠璁＄畻鐨?depth: 11
  shouldBreakLine: true
  orBranchInfo: undefined
  鉁?鍖归厤
鈹? 鈹? 鈹? 鈹? 鈹? 鈹? 鈹? 鈹? 鈹? 鈹? 鈹? 鈹? 鈹斺攢[Branch #5] 鈿Cached] 12

鈿狅笍 displayDepth 涓嶅尮閰嶆鏌?
  瑙勫垯: UpdateExpression
  缂撳瓨涓殑 displayDepth: 8
  褰撳墠璁＄畻鐨?depth: 12
  shouldBreakLine: true
  orBranchInfo: {
  orIndex: 0,
  branchIndex: 4,
  isOrEntry: false,
  isOrBranch: true,
  totalBranches: 5
}
  鉂?涓嶅尮閰嶏紒
鈹? 鈹? 鈹? 鈹? 鈹? 鈹? 鈹? 鈹? 鈹溾攢LeftHandSideExpression > NewExpression > MemberExpression > PrimaryExpression > Literal
鈹? 鈹? 鈹? 鈹? 鈹? 鈹? 鈹? 鈹? 鈹? 鈹溾攢馃攢 Literal(Or) 鈿Cached] 9

鈿狅笍 displayDepth 涓嶅尮閰嶆鏌?
  瑙勫垯: Literal
  缂撳瓨涓殑 displayDepth: 9
  褰撳墠璁＄畻鐨?depth: 9
  shouldBreakLine: true
  orBranchInfo: {
  orIndex: 0,
  branchIndex: undefined,
  isOrEntry: true,
  isOrBranch: false,
  totalBranches: undefined
}
  鉁?鍖归厤
鈹? 鈹? 鈹? 鈹? 鈹? 鈹? 鈹? 鈹? 鈹? 鈹? 鈹溾攢[Branch #4] 鈿Cached] 10

鈿狅笍 displayDepth 涓嶅尮閰嶆鏌?
  瑙勫垯: Literal
  缂撳瓨涓殑 displayDepth: 10
  褰撳墠璁＄畻鐨?depth: 10
  shouldBreakLine: true
  orBranchInfo: {
  orIndex: 0,
  branchIndex: 3,
  isOrEntry: false,
  isOrBranch: true,
  totalBranches: 5
}
  鉁?鍖归厤
鈹? 鈹? 鈹? 鈹? 鈹? 鈹? 鈹? 鈹? 鈹? 鈹? 鈹? 鈹斺攢馃敼 Consume token[3] - 1 - <NumericLiteral> [] 鉁? 鈿Cached] 11

鈿狅笍 displayDepth 涓嶅尮閰嶆鏌?
  瑙勫垯: undefined
  缂撳瓨涓殑 displayDepth: 11
  褰撳墠璁＄畻鐨?depth: 11
  shouldBreakLine: true
  orBranchInfo: undefined
  鉁?鍖归厤
鈹? 鈹? 鈹? 鈹? 鈹斺攢[Branch #2] 4
get key:ShortCircuitExpression:3:0:0:-1:-1::
ShortCircuitExpression
[ 'ShortCircuitExpression:3:1:0:0:-1::' ]
get key:ShortCircuitExpression:3:1:0:0:-1::
ShortCircuitExpression
[ 'ShortCircuitExpression:3:0:1:0:0::' ]
get key:ShortCircuitExpression:3:0:1:0:0::
ShortCircuitExpression
[ 'LogicalORExpression:3:0:0:-1:-1::' ]
get key:LogicalORExpression:3:0:0:-1:-1::
LogicalORExpression
[ 'LogicalANDExpression:3:0:0:-1:-1::' ]
get key:LogicalANDExpression:3:0:0:-1:-1::
LogicalANDExpression
[ 'BitwiseORExpression:3:0:0:-1:-1::' ]
get key:BitwiseORExpression:3:0:0:-1:-1::
BitwiseORExpression
[ 'BitwiseXORExpression:3:0:0:-1:-1::' ]
get key:BitwiseXORExpression:3:0:0:-1:-1::
BitwiseXORExpression
[ 'BitwiseANDExpression:3:0:0:-1:-1::' ]
get key:BitwiseANDExpression:3:0:0:-1:-1::
BitwiseANDExpression
[ 'EqualityExpression:3:0:0:-1:-1::' ]
get key:EqualityExpression:3:0:0:-1:-1::
EqualityExpression
[ 'RelationalExpression:3:0:0:-1:-1::' ]
get key:RelationalExpression:3:0:0:-1:-1::
RelationalExpression
[ 'ShiftExpression:3:0:0:-1:-1::' ]
get key:ShiftExpression:3:0:0:-1:-1::
ShiftExpression
[ 'AdditiveExpression:3:0:0:-1:-1::' ]
get key:AdditiveExpression:3:0:0:-1:-1::
AdditiveExpression
[ 'MultiplicativeExpression:3:0:0:-1:-1::' ]
get key:MultiplicativeExpression:3:0:0:-1:-1::
MultiplicativeExpression
[ 'ExponentiationExpression:3:0:0:-1:-1::' ]
get key:ExponentiationExpression:3:0:0:-1:-1::
ExponentiationExpression
[ 'ExponentiationExpression:3:1:0:0:-1::' ]
get key:ExponentiationExpression:3:1:0:0:-1::
ExponentiationExpression
[
  'ExponentiationExpression:3:0:1:0:0::',
  'ExponentiationExpression:3:0:1:0:1::'
]
get key:ExponentiationExpression:3:0:1:0:0::
ExponentiationExpression
[ 'UpdateExpression:3:0:0:-1:-1::' ]
get key:UpdateExpression:3:0:0:-1:-1::
UpdateExpression
[ 'UpdateExpression:3:1:0:0:-1::' ]
get key:UpdateExpression:3:1:0:0:-1::
UpdateExpression
[
  'UpdateExpression:3:0:1:0:0::',
  'UpdateExpression:3:0:1:0:1::',
  'UpdateExpression:3:0:1:0:4::'
]
get key:UpdateExpression:3:0:1:0:0::
UpdateExpression
[ 'LeftHandSideExpression:3:0:0:-1:-1::' ]
get key:LeftHandSideExpression:3:0:0:-1:-1::
LeftHandSideExpression
[ 'LeftHandSideExpression:3:1:0:0:-1::' ]
get key:LeftHandSideExpression:3:1:0:0:-1::
LeftHandSideExpression
[ 'LeftHandSideExpression:3:0:1:0:0::' ]
get key:LeftHandSideExpression:3:0:1:0:0::
LeftHandSideExpression
[ 'NewExpression:3:0:0:-1:-1::' ]
get key:NewExpression:3:0:0:-1:-1::
NewExpression
[ 'NewExpression:3:1:0:0:-1::' ]
get key:NewExpression:3:1:0:0:-1::
NewExpression
[ 'NewExpression:3:0:1:0:0::' ]
get key:NewExpression:3:0:1:0:0::
NewExpression
[ 'MemberExpression:3:0:0:-1:-1::' ]
get key:MemberExpression:3:0:0:-1:-1::
MemberExpression
[ 'MemberExpression:3:1:0:0:-1::' ]
get key:MemberExpression:3:1:0:0:-1::
MemberExpression
[ 'MemberExpression:3:0:1:0:0::' ]
get key:MemberExpression:3:0:1:0:0::
MemberExpression
[ 'PrimaryExpression:3:0:0:-1:-1::' ]
get key:PrimaryExpression:3:0:0:-1:-1::
PrimaryExpression
[ 'PrimaryExpression:3:1:0:0:-1::' ]
get key:PrimaryExpression:3:1:0:0:-1::
PrimaryExpression
[ 'PrimaryExpression:3:0:1:0:2::' ]
get key:PrimaryExpression:3:0:1:0:2::
PrimaryExpression
[ 'Literal:3:0:0:-1:-1::' ]
get key:Literal:3:0:0:-1:-1::
Literal
[ 'Literal:3:1:0:0:-1::' ]
get key:Literal:3:1:0:0:-1::
Literal
[ 'Literal:3:0:1:0:3::' ]
get key:Literal:3:0:1:0:3::
Literal
[ 'undefined:3:0:0:-1:-1:1:NumericLiteral' ]
get key:undefined:3:0:0:-1:-1:1:NumericLiteral
undefined
undefined
get key:UpdateExpression:3:0:1:0:1::
UpdateExpression
[ 'LeftHandSideExpression:3:0:0:-1:-1::' ]
get key:LeftHandSideExpression:3:0:0:-1:-1::
LeftHandSideExpression
[ 'LeftHandSideExpression:3:1:0:0:-1::' ]
get key:LeftHandSideExpression:3:1:0:0:-1::
LeftHandSideExpression
[ 'LeftHandSideExpression:3:0:1:0:0::' ]
get key:LeftHandSideExpression:3:0:1:0:0::
LeftHandSideExpression
[ 'NewExpression:3:0:0:-1:-1::' ]
get key:NewExpression:3:0:0:-1:-1::
NewExpression
[ 'NewExpression:3:1:0:0:-1::' ]
get key:NewExpression:3:1:0:0:-1::
NewExpression
[ 'NewExpression:3:0:1:0:0::' ]
get key:NewExpression:3:0:1:0:0::
NewExpression
[ 'MemberExpression:3:0:0:-1:-1::' ]
get key:MemberExpression:3:0:0:-1:-1::
MemberExpression
[ 'MemberExpression:3:1:0:0:-1::' ]
get key:MemberExpression:3:1:0:0:-1::
MemberExpression
[ 'MemberExpression:3:0:1:0:0::' ]
get key:MemberExpression:3:0:1:0:0::
MemberExpression
[ 'PrimaryExpression:3:0:0:-1:-1::' ]
get key:PrimaryExpression:3:0:0:-1:-1::
PrimaryExpression
[ 'PrimaryExpression:3:1:0:0:-1::' ]
get key:PrimaryExpression:3:1:0:0:-1::
PrimaryExpression
[ 'PrimaryExpression:3:0:1:0:2::' ]
get key:PrimaryExpression:3:0:1:0:2::
PrimaryExpression
[ 'Literal:3:0:0:-1:-1::' ]
get key:Literal:3:0:0:-1:-1::
Literal
[ 'Literal:3:1:0:0:-1::' ]
get key:Literal:3:1:0:0:-1::
Literal
[ 'Literal:3:0:1:0:3::' ]
get key:Literal:3:0:1:0:3::
Literal
[ 'undefined:3:0:0:-1:-1:1:NumericLiteral' ]
get key:undefined:3:0:0:-1:-1:1:NumericLiteral
undefined
undefined
get key:UpdateExpression:3:0:1:0:4::
UpdateExpression
[ 'LeftHandSideExpression:3:0:0:-1:-1::' ]
get key:LeftHandSideExpression:3:0:0:-1:-1::
LeftHandSideExpression
[ 'LeftHandSideExpression:3:1:0:0:-1::' ]
get key:LeftHandSideExpression:3:1:0:0:-1::
LeftHandSideExpression
[ 'LeftHandSideExpression:3:0:1:0:0::' ]
get key:LeftHandSideExpression:3:0:1:0:0::
LeftHandSideExpression
[ 'NewExpression:3:0:0:-1:-1::' ]
get key:NewExpression:3:0:0:-1:-1::
NewExpression
[ 'NewExpression:3:1:0:0:-1::' ]
get key:NewExpression:3:1:0:0:-1::
NewExpression
[ 'NewExpression:3:0:1:0:0::' ]
get key:NewExpression:3:0:1:0:0::
NewExpression
[ 'MemberExpression:3:0:0:-1:-1::' ]
get key:MemberExpression:3:0:0:-1:-1::
MemberExpression
[ 'MemberExpression:3:1:0:0:-1::' ]
get key:MemberExpression:3:1:0:0:-1::
MemberExpression
[ 'MemberExpression:3:0:1:0:0::' ]
get key:MemberExpression:3:0:1:0:0::
MemberExpression
[ 'PrimaryExpression:3:0:0:-1:-1::' ]
get key:PrimaryExpression:3:0:0:-1:-1::
PrimaryExpression
[ 'PrimaryExpression:3:1:0:0:-1::' ]
get key:PrimaryExpression:3:1:0:0:-1::
PrimaryExpression
[ 'PrimaryExpression:3:0:1:0:2::' ]
get key:PrimaryExpression:3:0:1:0:2::
PrimaryExpression
[ 'Literal:3:0:0:-1:-1::' ]
get key:Literal:3:0:0:-1:-1::
Literal
[ 'Literal:3:1:0:0:-1::' ]
get key:Literal:3:1:0:0:-1::
Literal
[ 'Literal:3:0:1:0:3::' ]
get key:Literal:3:0:1:0:3::
Literal
[ 'undefined:3:0:0:-1:-1:1:NumericLiteral' ]
get key:undefined:3:0:0:-1:-1:1:NumericLiteral
undefined
undefined
get key:ExponentiationExpression:3:0:1:0:1::
ExponentiationExpression
[ 'UnaryExpression:3:0:0:-1:-1::' ]
get key:UnaryExpression:3:0:0:-1:-1::
UnaryExpression
[ 'UnaryExpression:3:1:0:0:-1::' ]
get key:UnaryExpression:3:1:0:0:-1::
UnaryExpression
[ 'UnaryExpression:3:0:1:0:0::' ]
get key:UnaryExpression:3:0:1:0:0::
UnaryExpression
[ 'UpdateExpression:3:0:0:-1:-1::' ]
get key:UpdateExpression:3:0:0:-1:-1::
UpdateExpression
[ 'UpdateExpression:3:1:0:0:-1::' ]
get key:UpdateExpression:3:1:0:0:-1::
UpdateExpression
[
  'UpdateExpression:3:0:1:0:0::',
  'UpdateExpression:3:0:1:0:1::',
  'UpdateExpression:3:0:1:0:4::'
]
get key:UpdateExpression:3:0:1:0:0::
UpdateExpression
[ 'LeftHandSideExpression:3:0:0:-1:-1::' ]
get key:LeftHandSideExpression:3:0:0:-1:-1::
LeftHandSideExpression
[ 'LeftHandSideExpression:3:1:0:0:-1::' ]
get key:LeftHandSideExpression:3:1:0:0:-1::
LeftHandSideExpression
[ 'LeftHandSideExpression:3:0:1:0:0::' ]
get key:LeftHandSideExpression:3:0:1:0:0::
LeftHandSideExpression
[ 'NewExpression:3:0:0:-1:-1::' ]
get key:NewExpression:3:0:0:-1:-1::
NewExpression
[ 'NewExpression:3:1:0:0:-1::' ]
get key:NewExpression:3:1:0:0:-1::
NewExpression
[ 'NewExpression:3:0:1:0:0::' ]
get key:NewExpression:3:0:1:0:0::
NewExpression
[ 'MemberExpression:3:0:0:-1:-1::' ]
get key:MemberExpression:3:0:0:-1:-1::
MemberExpression
[ 'MemberExpression:3:1:0:0:-1::' ]
get key:MemberExpression:3:1:0:0:-1::
MemberExpression
[ 'MemberExpression:3:0:1:0:0::' ]
get key:MemberExpression:3:0:1:0:0::
MemberExpression
[ 'PrimaryExpression:3:0:0:-1:-1::' ]
get key:PrimaryExpression:3:0:0:-1:-1::
PrimaryExpression
[ 'PrimaryExpression:3:1:0:0:-1::' ]
get key:PrimaryExpression:3:1:0:0:-1::
PrimaryExpression
[ 'PrimaryExpression:3:0:1:0:2::' ]
get key:PrimaryExpression:3:0:1:0:2::
PrimaryExpression
[ 'Literal:3:0:0:-1:-1::' ]
get key:Literal:3:0:0:-1:-1::
Literal
[ 'Literal:3:1:0:0:-1::' ]
get key:Literal:3:1:0:0:-1::
Literal
[ 'Literal:3:0:1:0:3::' ]
get key:Literal:3:0:1:0:3::
Literal
[ 'undefined:3:0:0:-1:-1:1:NumericLiteral' ]
get key:undefined:3:0:0:-1:-1:1:NumericLiteral
undefined
undefined
get key:UpdateExpression:3:0:1:0:1::
UpdateExpression
[ 'LeftHandSideExpression:3:0:0:-1:-1::' ]
get key:LeftHandSideExpression:3:0:0:-1:-1::
LeftHandSideExpression
[ 'LeftHandSideExpression:3:1:0:0:-1::' ]
get key:LeftHandSideExpression:3:1:0:0:-1::
LeftHandSideExpression
[ 'LeftHandSideExpression:3:0:1:0:0::' ]
get key:LeftHandSideExpression:3:0:1:0:0::
LeftHandSideExpression
[ 'NewExpression:3:0:0:-1:-1::' ]
get key:NewExpression:3:0:0:-1:-1::
NewExpression
[ 'NewExpression:3:1:0:0:-1::' ]
get key:NewExpression:3:1:0:0:-1::
NewExpression
[ 'NewExpression:3:0:1:0:0::' ]
get key:NewExpression:3:0:1:0:0::
NewExpression
[ 'MemberExpression:3:0:0:-1:-1::' ]
get key:MemberExpression:3:0:0:-1:-1::
MemberExpression
[ 'MemberExpression:3:1:0:0:-1::' ]
get key:MemberExpression:3:1:0:0:-1::
MemberExpression
[ 'MemberExpression:3:0:1:0:0::' ]
get key:MemberExpression:3:0:1:0:0::
MemberExpression
[ 'PrimaryExpression:3:0:0:-1:-1::' ]
get key:PrimaryExpression:3:0:0:-1:-1::
PrimaryExpression
[ 'PrimaryExpression:3:1:0:0:-1::' ]
get key:PrimaryExpression:3:1:0:0:-1::
PrimaryExpression
[ 'PrimaryExpression:3:0:1:0:2::' ]
get key:PrimaryExpression:3:0:1:0:2::
PrimaryExpression
[ 'Literal:3:0:0:-1:-1::' ]
get key:Literal:3:0:0:-1:-1::
Literal
[ 'Literal:3:1:0:0:-1::' ]
get key:Literal:3:1:0:0:-1::
Literal
[ 'Literal:3:0:1:0:3::' ]
get key:Literal:3:0:1:0:3::
Literal
[ 'undefined:3:0:0:-1:-1:1:NumericLiteral' ]
get key:undefined:3:0:0:-1:-1:1:NumericLiteral
undefined
undefined
get key:UpdateExpression:3:0:1:0:4::
UpdateExpression
[ 'LeftHandSideExpression:3:0:0:-1:-1::' ]
get key:LeftHandSideExpression:3:0:0:-1:-1::
LeftHandSideExpression
[ 'LeftHandSideExpression:3:1:0:0:-1::' ]
get key:LeftHandSideExpression:3:1:0:0:-1::
LeftHandSideExpression
[ 'LeftHandSideExpression:3:0:1:0:0::' ]
get key:LeftHandSideExpression:3:0:1:0:0::
LeftHandSideExpression
[ 'NewExpression:3:0:0:-1:-1::' ]
get key:NewExpression:3:0:0:-1:-1::
NewExpression
[ 'NewExpression:3:1:0:0:-1::' ]
get key:NewExpression:3:1:0:0:-1::
NewExpression
[ 'NewExpression:3:0:1:0:0::' ]
get key:NewExpression:3:0:1:0:0::
NewExpression
[ 'MemberExpression:3:0:0:-1:-1::' ]
get key:MemberExpression:3:0:0:-1:-1::
MemberExpression
[ 'MemberExpression:3:1:0:0:-1::' ]
get key:MemberExpression:3:1:0:0:-1::
MemberExpression
[ 'MemberExpression:3:0:1:0:0::' ]
get key:MemberExpression:3:0:1:0:0::
MemberExpression
[ 'PrimaryExpression:3:0:0:-1:-1::' ]
get key:PrimaryExpression:3:0:0:-1:-1::
PrimaryExpression
[ 'PrimaryExpression:3:1:0:0:-1::' ]
get key:PrimaryExpression:3:1:0:0:-1::
PrimaryExpression
[ 'PrimaryExpression:3:0:1:0:2::' ]
get key:PrimaryExpression:3:0:1:0:2::
PrimaryExpression
[ 'Literal:3:0:0:-1:-1::' ]
get key:Literal:3:0:0:-1:-1::
Literal
[ 'Literal:3:1:0:0:-1::' ]
get key:Literal:3:1:0:0:-1::
Literal
[ 'Literal:3:0:1:0:3::' ]
get key:Literal:3:0:1:0:3::
Literal
[ 'undefined:3:0:0:-1:-1:1:NumericLiteral' ]
get key:undefined:3:0:0:-1:-1:1:NumericLiteral
undefined
undefined
cacheKey
ShortCircuitExpression:3:0:0:-1:-1::
[
  'Script',
  'StatementList',
  'StatementListItem',
  'StatementListItem',
  'StatementListItem',
  'Declaration',
  'Declaration',
  'Declaration',
  'LexicalDeclaration',
  'BindingList',
  'LexicalBinding',
  'LexicalBinding',
  'LexicalBinding',
  'Initializer',
  'AssignmentExpression',
  'AssignmentExpression',
  'AssignmentExpression',
  'ConditionalExpression',
  'ConditionalExpression',
  'ConditionalExpression',
  'ShortCircuitExpression',
  'ShortCircuitExpression',
  'ShortCircuitExpression',
  'LogicalORExpression',
  'LogicalANDExpression',
  'BitwiseORExpression',
  'BitwiseXORExpression',
  'BitwiseANDExpression',
  'EqualityExpression',
  'RelationalExpression',
  'ShiftExpression',
  'AdditiveExpression',
  'MultiplicativeExpression',
  'ExponentiationExpression',
  'ExponentiationExpression',
  'ExponentiationExpression',
  'UpdateExpression',
  'UpdateExpression',
  'UpdateExpression',
  'LeftHandSideExpression',
  'LeftHandSideExpression',
  'LeftHandSideExpression',
  'NewExpression',
  'NewExpression',
  'NewExpression',
  'MemberExpression',
  'MemberExpression',
  'MemberExpression',
  'PrimaryExpression',
  'PrimaryExpression',
  'PrimaryExpression',
  'Literal',
  'Literal',
  'Literal',
  undefined,
  'UpdateExpression',
  'LeftHandSideExpression',
  'LeftHandSideExpression',
  'LeftHandSideExpression',
  'NewExpression',
  'NewExpression',
  'NewExpression',
  'MemberExpression',
  'MemberExpression',
  'MemberExpression',
  'PrimaryExpression',
  'PrimaryExpression',
  'PrimaryExpression',
  'Literal',
  'Literal',
  'Literal',
  undefined,
  'UpdateExpression',
  'LeftHandSideExpression',
  'LeftHandSideExpression',
  'LeftHandSideExpression',
  'NewExpression',
  'NewExpression',
  'NewExpression',
  'MemberExpression',
  'MemberExpression',
  'MemberExpression',
  'PrimaryExpression',
  'PrimaryExpression',
  'PrimaryExpression',
  'Literal',
  'Literal',
  'Literal',
  undefined,
  'ExponentiationExpression',
  'UnaryExpression',
  'UnaryExpression',
  'UnaryExpression',
  'UpdateExpression',
  'UpdateExpression',
  'UpdateExpression',
  'LeftHandSideExpression',
  'LeftHandSideExpression',
  'LeftHandSideExpression',
  'NewExpression',
  ... 46 more items
]
[
  true,  true,  true,  true,  true,  true,  true,  true,
  true,  true,  true,  true,  true,  true,  true,  true,
  true,  true,  true,  true,  false, false, false, false,
  false, false, false, false, false, false, false, false,
  false, false, false, false, false, false, false, false,
  false, false, false, false, false, false, false, false,
  false, false, false, false, false, false, false, false,
  false, false, false, false, false, false, false, false,
  false, false, false, false, false, false, false, false,
  false, false, false, false, false, false, false, false,
  false, false, false, false, false, false, false, false,
  false, false, false, false, false, false, false, false,
  false, false, false, false,
  ... 46 more items
]
鈹? 鈹? 鈹? 鈹? 鈹? 鈹溾攢ShortCircuitExpression > LogicalORExpression > LogicalANDExpression > ... > PrimaryExpression > Literal
鈹? 鈹? 鈹? 鈹? 鈹? 鈹? 鈹溾攢馃攢 Literal(Or) 鈿Cached] 6

鈿狅笍 displayDepth 涓嶅尮閰嶆鏌?
  瑙勫垯: Literal
  缂撳瓨涓殑 displayDepth: 6
  褰撳墠璁＄畻鐨?depth: 6
  shouldBreakLine: true
  orBranchInfo: {
  orIndex: 0,
  branchIndex: undefined,
  isOrEntry: true,
  isOrBranch: false,
  totalBranches: undefined
}
  鉁?鍖归厤
鈹? 鈹? 鈹? 鈹? 鈹? 鈹? 鈹? 鈹溾攢[Branch #4] 鈿Cached] 7

鈿狅笍 displayDepth 涓嶅尮閰嶆鏌?
  瑙勫垯: Literal
  缂撳瓨涓殑 displayDepth: 7
  褰撳墠璁＄畻鐨?depth: 7
  shouldBreakLine: true
  orBranchInfo: {
  orIndex: 0,
  branchIndex: 3,
  isOrEntry: false,
  isOrBranch: true,
  totalBranches: 5
}
  鉁?鍖归厤
鈹? 鈹? 鈹? 鈹? 鈹? 鈹? 鈹? 鈹? 鈹溾攢馃敼 Consume token[3] - 1 - <NumericLiteral> [] 鉁? 鈿Cached] 8

鈿狅笍 displayDepth 涓嶅尮閰嶆鏌?
  瑙勫垯: undefined
  缂撳瓨涓殑 displayDepth: 8
  褰撳墠璁＄畻鐨?depth: 8
  shouldBreakLine: true
  orBranchInfo: undefined
  鉁?鍖归厤
鈹? 鈹? 鈹? 鈹? 鈹? 鈹? 鈹? 鈹? 鈹? 鈹斺攢[Branch #2] 鈿Cached] 9

鈿狅笍 displayDepth 涓嶅尮閰嶆鏌?
  瑙勫垯: UpdateExpression
  缂撳瓨涓殑 displayDepth: 6
  褰撳墠璁＄畻鐨?depth: 9
  shouldBreakLine: true
  orBranchInfo: {
  orIndex: 0,
  branchIndex: 1,
  isOrEntry: false,
  isOrBranch: true,
  totalBranches: 5
}
  鉂?涓嶅尮閰嶏紒
鈹? 鈹? 鈹? 鈹? 鈹? 鈹? 鈹溾攢LeftHandSideExpression > NewExpression > MemberExpression > PrimaryExpression > Literal
鈹? 鈹? 鈹? 鈹? 鈹? 鈹? 鈹? 鈹溾攢馃攢 Literal(Or) 鈿Cached] 7

鈿狅笍 displayDepth 涓嶅尮閰嶆鏌?
  瑙勫垯: Literal
  缂撳瓨涓殑 displayDepth: 7
  褰撳墠璁＄畻鐨?depth: 7
  shouldBreakLine: true
  orBranchInfo: {
  orIndex: 0,
  branchIndex: undefined,
  isOrEntry: true,
  isOrBranch: false,
  totalBranches: undefined
}
  鉁?鍖归厤
鈹? 鈹? 鈹? 鈹? 鈹? 鈹? 鈹? 鈹? 鈹溾攢[Branch #4] 鈿Cached] 8

鈿狅笍 displayDepth 涓嶅尮閰嶆鏌?
  瑙勫垯: Literal
  缂撳瓨涓殑 displayDepth: 8
  褰撳墠璁＄畻鐨?depth: 8
  shouldBreakLine: true
  orBranchInfo: {
  orIndex: 0,
  branchIndex: 3,
  isOrEntry: false,
  isOrBranch: true,
  totalBranches: 5
}
  鉁?鍖归厤
鈹? 鈹? 鈹? 鈹? 鈹? 鈹? 鈹? 鈹? 鈹? 鈹溾攢馃敼 Consume token[3] - 1 - <NumericLiteral> [] 鉁? 鈿Cached] 9

鈿狅笍 displayDepth 涓嶅尮閰嶆鏌?
  瑙勫垯: undefined
  缂撳瓨涓殑 displayDepth: 9
  褰撳墠璁＄畻鐨?depth: 9
  shouldBreakLine: true
  orBranchInfo: undefined
  鉁?鍖归厤
鈹? 鈹? 鈹? 鈹? 鈹? 鈹? 鈹? 鈹? 鈹? 鈹? 鈹斺攢[Branch #5] 鈿Cached] 10

鈿狅笍 displayDepth 涓嶅尮閰嶆鏌?
  瑙勫垯: UpdateExpression
  缂撳瓨涓殑 displayDepth: 6
  褰撳墠璁＄畻鐨?depth: 10
  shouldBreakLine: true
  orBranchInfo: {
  orIndex: 0,
  branchIndex: 4,
  isOrEntry: false,
  isOrBranch: true,
  totalBranches: 5
}
  鉂?涓嶅尮閰嶏紒
鈹? 鈹? 鈹? 鈹? 鈹? 鈹? 鈹溾攢LeftHandSideExpression > NewExpression > MemberExpression > PrimaryExpression > Literal
鈹? 鈹? 鈹? 鈹? 鈹? 鈹? 鈹? 鈹溾攢馃攢 Literal(Or) 鈿Cached] 7

鈿狅笍 displayDepth 涓嶅尮閰嶆鏌?
  瑙勫垯: Literal
  缂撳瓨涓殑 displayDepth: 7
  褰撳墠璁＄畻鐨?depth: 7
  shouldBreakLine: true
  orBranchInfo: {
  orIndex: 0,
  branchIndex: undefined,
  isOrEntry: true,
  isOrBranch: false,
  totalBranches: undefined
}
  鉁?鍖归厤
鈹? 鈹? 鈹? 鈹? 鈹? 鈹? 鈹? 鈹? 鈹溾攢[Branch #4] 鈿Cached] 8

鈿狅笍 displayDepth 涓嶅尮閰嶆鏌?
  瑙勫垯: Literal
  缂撳瓨涓殑 displayDepth: 8
  褰撳墠璁＄畻鐨?depth: 8
  shouldBreakLine: true
  orBranchInfo: {
  orIndex: 0,
  branchIndex: 3,
  isOrEntry: false,
  isOrBranch: true,
  totalBranches: 5
}
  鉁?鍖归厤
鈹? 鈹? 鈹? 鈹? 鈹? 鈹? 鈹? 鈹? 鈹? 鈹斺攢馃敼 Consume token[3] - 1 - <NumericLiteral> [] 鉁? 鈿Cached] 9

鈿狅笍 displayDepth 涓嶅尮閰嶆鏌?
  瑙勫垯: undefined
  缂撳瓨涓殑 displayDepth: 9
  褰撳墠璁＄畻鐨?depth: 9
  shouldBreakLine: true
  orBranchInfo: undefined
  鉁?鍖归厤
鈹? 鈹? 鈹? 鈹? 鈹? 鈹溾攢UnaryExpression
鈹? 鈹? 鈹? 鈹? 鈹? 鈹? 鈹溾攢馃攢 UnaryExpression(Or) 鈿Cached] 6

鈿狅笍 displayDepth 涓嶅尮閰嶆鏌?
  瑙勫垯: UnaryExpression
  缂撳瓨涓殑 displayDepth: 6
  褰撳墠璁＄畻鐨?depth: 6
  shouldBreakLine: true
  orBranchInfo: {
  orIndex: 0,
  branchIndex: undefined,
  isOrEntry: true,
  isOrBranch: false,
  totalBranches: undefined
}
  鉁?鍖归厤
鈹? 鈹? 鈹? 鈹? 鈹? 鈹? 鈹? 鈹斺攢[Branch #1] 鈿Cached] 7

鈿狅笍 displayDepth 涓嶅尮閰嶆鏌?
  瑙勫垯: UnaryExpression
  缂撳瓨涓殑 displayDepth: 7
  褰撳墠璁＄畻鐨?depth: 7
  shouldBreakLine: true
  orBranchInfo: {
  orIndex: 0,
  branchIndex: 0,
  isOrEntry: false,
  isOrBranch: true,
  totalBranches: 8
}
  鉁?鍖归厤
鈹? 鈹? 鈹? 鈹? 鈹? 鈹? 鈹? 鈹溾攢UpdateExpression > LeftHandSideExpression > NewExpression > ... > PrimaryExpression > Literal
鈹? 鈹? 鈹? 鈹? 鈹? 鈹? 鈹? 鈹? 鈹溾攢馃攢 Literal(Or) 鈿Cached] 8

鈿狅笍 displayDepth 涓嶅尮閰嶆鏌?
  瑙勫垯: Literal
  缂撳瓨涓殑 displayDepth: 8
  褰撳墠璁＄畻鐨?depth: 8
  shouldBreakLine: true
  orBranchInfo: {
  orIndex: 0,
  branchIndex: undefined,
  isOrEntry: true,
  isOrBranch: false,
  totalBranches: undefined
}
  鉁?鍖归厤
鈹? 鈹? 鈹? 鈹? 鈹? 鈹? 鈹? 鈹? 鈹? 鈹溾攢[Branch #4] 鈿Cached] 9

鈿狅笍 displayDepth 涓嶅尮閰嶆鏌?
  瑙勫垯: Literal
  缂撳瓨涓殑 displayDepth: 9
  褰撳墠璁＄畻鐨?depth: 9
  shouldBreakLine: true
  orBranchInfo: {
  orIndex: 0,
  branchIndex: 3,
  isOrEntry: false,
  isOrBranch: true,
  totalBranches: 5
}
  鉁?鍖归厤
鈹? 鈹? 鈹? 鈹? 鈹? 鈹? 鈹? 鈹? 鈹? 鈹? 鈹溾攢馃敼 Consume token[3] - 1 - <NumericLiteral> [] 鉁? 鈿Cached] 10

鈿狅笍 displayDepth 涓嶅尮閰嶆鏌?
  瑙勫垯: undefined
  缂撳瓨涓殑 displayDepth: 10
  褰撳墠璁＄畻鐨?depth: 10
  shouldBreakLine: true
  orBranchInfo: undefined
  鉁?鍖归厤
鈹? 鈹? 鈹? 鈹? 鈹? 鈹? 鈹? 鈹? 鈹? 鈹? 鈹? 鈹斺攢[Branch #2] 鈿Cached] 11

鈿狅笍 displayDepth 涓嶅尮閰嶆鏌?
  瑙勫垯: UpdateExpression
  缂撳瓨涓殑 displayDepth: 8
  褰撳墠璁＄畻鐨?depth: 11
  shouldBreakLine: true
  orBranchInfo: {
  orIndex: 0,
  branchIndex: 1,
  isOrEntry: false,
  isOrBranch: true,
  totalBranches: 5
}
  鉂?涓嶅尮閰嶏紒
鈹? 鈹? 鈹? 鈹? 鈹? 鈹? 鈹? 鈹? 鈹溾攢LeftHandSideExpression > NewExpression > MemberExpression > PrimaryExpression > Literal
鈹? 鈹? 鈹? 鈹? 鈹? 鈹? 鈹? 鈹? 鈹? 鈹溾攢馃攢 Literal(Or) 鈿Cached] 9

鈿狅笍 displayDepth 涓嶅尮閰嶆鏌?
  瑙勫垯: Literal
  缂撳瓨涓殑 displayDepth: 9
  褰撳墠璁＄畻鐨?depth: 9
  shouldBreakLine: true
  orBranchInfo: {
  orIndex: 0,
  branchIndex: undefined,
  isOrEntry: true,
  isOrBranch: false,
  totalBranches: undefined
}
  鉁?鍖归厤
鈹? 鈹? 鈹? 鈹? 鈹? 鈹? 鈹? 鈹? 鈹? 鈹? 鈹溾攢[Branch #4] 鈿Cached] 10

鈿狅笍 displayDepth 涓嶅尮閰嶆鏌?
  瑙勫垯: Literal
  缂撳瓨涓殑 displayDepth: 10
  褰撳墠璁＄畻鐨?depth: 10
  shouldBreakLine: true
  orBranchInfo: {
  orIndex: 0,
  branchIndex: 3,
  isOrEntry: false,
  isOrBranch: true,
  totalBranches: 5
}
  鉁?鍖归厤
鈹? 鈹? 鈹? 鈹? 鈹? 鈹? 鈹? 鈹? 鈹? 鈹? 鈹? 鈹溾攢馃敼 Consume token[3] - 1 - <NumericLiteral> [] 鉁? 鈿Cached] 11

鈿狅笍 displayDepth 涓嶅尮閰嶆鏌?
  瑙勫垯: undefined
  缂撳瓨涓殑 displayDepth: 11
  褰撳墠璁＄畻鐨?depth: 11
  shouldBreakLine: true
  orBranchInfo: undefined
  鉁?鍖归厤
鈹? 鈹? 鈹? 鈹? 鈹? 鈹? 鈹? 鈹? 鈹? 鈹? 鈹? 鈹? 鈹斺攢[Branch #5] 鈿Cached] 12

鈿狅笍 displayDepth 涓嶅尮閰嶆鏌?
  瑙勫垯: UpdateExpression
  缂撳瓨涓殑 displayDepth: 8
  褰撳墠璁＄畻鐨?depth: 12
  shouldBreakLine: true
  orBranchInfo: {
  orIndex: 0,
  branchIndex: 4,
  isOrEntry: false,
  isOrBranch: true,
  totalBranches: 5
}
  鉂?涓嶅尮閰嶏紒
鈹? 鈹? 鈹? 鈹? 鈹? 鈹? 鈹? 鈹? 鈹溾攢LeftHandSideExpression > NewExpression > MemberExpression > PrimaryExpression > Literal
鈹? 鈹? 鈹? 鈹? 鈹? 鈹? 鈹? 鈹? 鈹? 鈹溾攢馃攢 Literal(Or) 鈿Cached] 9

鈿狅笍 displayDepth 涓嶅尮閰嶆鏌?
  瑙勫垯: Literal
  缂撳瓨涓殑 displayDepth: 9
  褰撳墠璁＄畻鐨?depth: 9
  shouldBreakLine: true
  orBranchInfo: {
  orIndex: 0,
  branchIndex: undefined,
  isOrEntry: true,
  isOrBranch: false,
  totalBranches: undefined
}
  鉁?鍖归厤
鈹? 鈹? 鈹? 鈹? 鈹? 鈹? 鈹? 鈹? 鈹? 鈹? 鈹溾攢[Branch #4] 鈿Cached] 10

鈿狅笍 displayDepth 涓嶅尮閰嶆鏌?
  瑙勫垯: Literal
  缂撳瓨涓殑 displayDepth: 10
  褰撳墠璁＄畻鐨?depth: 10
  shouldBreakLine: true
  orBranchInfo: {
  orIndex: 0,
  branchIndex: 3,
  isOrEntry: false,
  isOrBranch: true,
  totalBranches: 5
}
  鉁?鍖归厤
鈹? 鈹? 鈹? 鈹? 鈹? 鈹? 鈹? 鈹? 鈹? 鈹? 鈹? 鈹斺攢馃敼 Consume token[3] - 1 - <NumericLiteral> [] 鉁? 鈿Cached] 11

鈿狅笍 displayDepth 涓嶅尮閰嶆鏌?
  瑙勫垯: undefined
  缂撳瓨涓殑 displayDepth: 11
  褰撳墠璁＄畻鐨?depth: 11
  shouldBreakLine: true
  orBranchInfo: undefined
  鉁?鍖归厤

鉁?Script 瑙ｆ瀽鎴愬姛锛圱oken瀹屾暣: 4/4锛?
================================================================================
馃帀 鎵€鏈夊眰绾ф祴璇曢€氳繃锛?================================================================================
