馃攳 Es2025Parser MWE + 浜屽垎澧為噺璋冭瘯
================================================================================
馃摑 浠ｇ爜: let a = 1
鉁?璇嶆硶鍒嗘瀽: 4 tokens

馃敩 浜屽垎澧為噺璋冭瘯妯″紡
================================================================================
绛栫暐锛氫粠鏈€搴曞眰瑙勫垯閫愬眰娴嬭瘯锛屾壘鍑洪棶棰樺眰绾?

[鈻竇 娴嬭瘯灞傜骇 1: LexicalDeclaration
--------------------------------------------------------------------------------

鉁?LexicalDeclaration 瑙ｆ瀽鎴愬姛锛圱oken瀹屾暣: 4/4锛?
[鈻糕柛] 娴嬭瘯灞傜骇 2: Declaration
--------------------------------------------------------------------------------

鉁?Declaration 瑙ｆ瀽鎴愬姛锛圱oken瀹屾暣: 4/4锛?
[鈻糕柛鈻竇 娴嬭瘯灞傜骇 3: StatementListItem
--------------------------------------------------------------------------------

鉁?StatementListItem 瑙ｆ瀽鎴愬姛锛圱oken瀹屾暣: 4/4锛?
[鈻糕柛鈻糕柛] 娴嬭瘯灞傜骇 4: StatementList
--------------------------------------------------------------------------------

鉁?StatementList 瑙ｆ瀽鎴愬姛锛圱oken瀹屾暣: 4/4锛?
[鈻糕柛鈻糕柛鈻竇 娴嬭瘯灞傜骇 5: Script
--------------------------------------------------------------------------------
鈹溾攢Script > StatementList > StatementListItem > ... > LexicalDeclaration > LetOrConst
鈹? 鈹溾攢馃攢 LetOrConst(Or) 1
鈹? 鈹? 鈹斺攢[Branch #1] 2
鈹? 鈹? 鈹? 鈹斺攢馃敼 Consume token[0] - let - <LetTok> [1:1-3] 鉁? 3
鈹? 鈹溾攢BindingList > LexicalBinding > BindingIdentifier
鈹? 鈹? 鈹溾攢[Branch #1] 2
鈹? 鈹? 鈹? 鈹斺攢Identifier 3
鈹? 鈹? 鈹? 鈹? 鈹斺攢馃敼 Consume token[1] - a - <Identifier> [1:5-5] 鉁? 4
鈹? 鈹? 鈹斺攢Initializer 2
鈹? 鈹? 鈹? 鈹斺攢馃敼 Consume token[2] - = - <Assign> [1:7-7] 鉁? 3
鈹? 鈹? 鈹? 鈹溾攢AssignmentExpression > ConditionalExpression > ShortCircuitExpression > ... > PrimaryExpression > Literal
鈹? 鈹? 鈹? 鈹? 鈹溾攢馃攢 Literal(Or) 4
鈹? 鈹? 鈹? 鈹? 鈹? 鈹斺攢[Branch #4] 5
鈹? 鈹? 鈹? 鈹? 鈹? 鈹? 鈹斺攢馃敼 Consume token[3] - 1 - <NumericLiteral> [1:9-9] 鉁? 6
鈹? 鈹? 鈹? 鈹? 鈹斺攢[Branch #2] 4

馃攧 鎭㈠鑺傜偣: LeftHandSideExpression
  isRoot: true
  浼犲叆鐨?curDisplayDepth: 5
  shouldBreakLine: undefined
  orBranchInfo: undefined
  缂撳瓨涓殑 displayDepth: undefined
  鏈€缁堣缃殑 displayDepth: 5

馃攧 鎭㈠鑺傜偣: LeftHandSideExpression
  isRoot: false
  浼犲叆鐨?curDisplayDepth: 5
  shouldBreakLine: undefined
  orBranchInfo: {
  orIndex: 0,
  branchIndex: undefined,
  isOrEntry: true,
  isOrBranch: false,
  totalBranches: undefined
}
  缂撳瓨涓殑 displayDepth: undefined
  鏈€缁堣缃殑 displayDepth: 5

馃攧 鎭㈠鑺傜偣: LeftHandSideExpression
  isRoot: false
  浼犲叆鐨?curDisplayDepth: 5
  shouldBreakLine: undefined
  orBranchInfo: {
  orIndex: 0,
  branchIndex: 0,
  isOrEntry: false,
  isOrBranch: true,
  totalBranches: 3
}
  缂撳瓨涓殑 displayDepth: undefined
  鏈€缁堣缃殑 displayDepth: 5

馃攧 鎭㈠鑺傜偣: NewExpression
  isRoot: false
  浼犲叆鐨?curDisplayDepth: 5
  shouldBreakLine: undefined
  orBranchInfo: undefined
  缂撳瓨涓殑 displayDepth: undefined
  鏈€缁堣缃殑 displayDepth: 5

馃攧 鎭㈠鑺傜偣: NewExpression
  isRoot: false
  浼犲叆鐨?curDisplayDepth: 5
  shouldBreakLine: undefined
  orBranchInfo: {
  orIndex: 0,
  branchIndex: undefined,
  isOrEntry: true,
  isOrBranch: false,
  totalBranches: undefined
}
  缂撳瓨涓殑 displayDepth: undefined
  鏈€缁堣缃殑 displayDepth: 5

馃攧 鎭㈠鑺傜偣: NewExpression
  isRoot: false
  浼犲叆鐨?curDisplayDepth: 5
  shouldBreakLine: undefined
  orBranchInfo: {
  orIndex: 0,
  branchIndex: 0,
  isOrEntry: false,
  isOrBranch: true,
  totalBranches: 2
}
  缂撳瓨涓殑 displayDepth: undefined
  鏈€缁堣缃殑 displayDepth: 5

馃攧 鎭㈠鑺傜偣: MemberExpression
  isRoot: false
  浼犲叆鐨?curDisplayDepth: 5
  shouldBreakLine: undefined
  orBranchInfo: undefined
  缂撳瓨涓殑 displayDepth: undefined
  鏈€缁堣缃殑 displayDepth: 5

馃攧 鎭㈠鑺傜偣: MemberExpression
  isRoot: false
  浼犲叆鐨?curDisplayDepth: 5
  shouldBreakLine: undefined
  orBranchInfo: {
  orIndex: 0,
  branchIndex: undefined,
  isOrEntry: true,
  isOrBranch: false,
  totalBranches: undefined
}
  缂撳瓨涓殑 displayDepth: undefined
  鏈€缁堣缃殑 displayDepth: 5

馃攧 鎭㈠鑺傜偣: MemberExpression
  isRoot: false
  浼犲叆鐨?curDisplayDepth: 5
  shouldBreakLine: undefined
  orBranchInfo: {
  orIndex: 0,
  branchIndex: 0,
  isOrEntry: false,
  isOrBranch: true,
  totalBranches: 4
}
  缂撳瓨涓殑 displayDepth: undefined
  鏈€缁堣缃殑 displayDepth: 5

馃攧 鎭㈠鑺傜偣: PrimaryExpression
  isRoot: false
  浼犲叆鐨?curDisplayDepth: 5
  shouldBreakLine: undefined
  orBranchInfo: undefined
  缂撳瓨涓殑 displayDepth: undefined
  鏈€缁堣缃殑 displayDepth: 5

馃攧 鎭㈠鑺傜偣: PrimaryExpression
  isRoot: false
  浼犲叆鐨?curDisplayDepth: 5
  shouldBreakLine: undefined
  orBranchInfo: {
  orIndex: 0,
  branchIndex: undefined,
  isOrEntry: true,
  isOrBranch: false,
  totalBranches: undefined
}
  缂撳瓨涓殑 displayDepth: undefined
  鏈€缁堣缃殑 displayDepth: 5

馃攧 鎭㈠鑺傜偣: PrimaryExpression
  isRoot: false
  浼犲叆鐨?curDisplayDepth: 5
  shouldBreakLine: undefined
  orBranchInfo: {
  orIndex: 0,
  branchIndex: 2,
  isOrEntry: false,
  isOrBranch: true,
  totalBranches: 13
}
  缂撳瓨涓殑 displayDepth: undefined
  鏈€缁堣缃殑 displayDepth: 5

馃攧 鎭㈠鑺傜偣: Literal
  isRoot: false
  浼犲叆鐨?curDisplayDepth: 5
  shouldBreakLine: undefined
  orBranchInfo: undefined
  缂撳瓨涓殑 displayDepth: undefined
  鏈€缁堣缃殑 displayDepth: 5

馃攧 鎭㈠鑺傜偣: Literal
  isRoot: false
  浼犲叆鐨?curDisplayDepth: 5
  shouldBreakLine: true
  orBranchInfo: {
  orIndex: 0,
  branchIndex: undefined,
  isOrEntry: true,
  isOrBranch: false,
  totalBranches: undefined
}
  缂撳瓨涓殑 displayDepth: undefined
  瀛愯妭鐐逛笖闇€瑕佹柇閾撅紝娣卞害 +1 鈫?6
  鏈€缁堣缃殑 displayDepth: 6

馃攧 鎭㈠鑺傜偣: Literal
  isRoot: false
  浼犲叆鐨?curDisplayDepth: 6
  shouldBreakLine: true
  orBranchInfo: {
  orIndex: 0,
  branchIndex: 3,
  isOrEntry: false,
  isOrBranch: true,
  totalBranches: 5
}
  缂撳瓨涓殑 displayDepth: undefined
  瀛愯妭鐐逛笖闇€瑕佹柇閾撅紝娣卞害 +1 鈫?7
  鏈€缁堣缃殑 displayDepth: 7

馃攧 鎭㈠鑺傜偣: Token
  isRoot: false
  浼犲叆鐨?curDisplayDepth: 7
  shouldBreakLine: true
  orBranchInfo: undefined
  缂撳瓨涓殑 displayDepth: undefined
  瀛愯妭鐐逛笖闇€瑕佹柇閾撅紝娣卞害 +1 鈫?8
  鏈€缁堣缃殑 displayDepth: 8
鈹? 鈹? 鈹? 鈹? 鈹? 鈹溾攢LeftHandSideExpression > NewExpression > MemberExpression > PrimaryExpression > Literal
鈹? 鈹? 鈹? 鈹? 鈹? 鈹? 鈹溾攢馃攢 Literal(Or) 鈿Cached] 6
鈹? 鈹? 鈹? 鈹? 鈹? 鈹? 鈹? 鈹溾攢[Branch #4] 鈿Cached] 7
鈹? 鈹? 鈹? 鈹? 鈹? 鈹? 鈹? 鈹? 鈹斺攢馃敼 Consume token[3] - 1 - <NumericLiteral> [] 鉁? 鈿Cached] 8
鈹? 鈹? 鈹? 鈹? 鈹斺攢[Branch #5] 4

馃攧 鎭㈠鑺傜偣: LeftHandSideExpression
  isRoot: true
  浼犲叆鐨?curDisplayDepth: 5
  shouldBreakLine: undefined
  orBranchInfo: undefined
  缂撳瓨涓殑 displayDepth: undefined
  鏈€缁堣缃殑 displayDepth: 5

馃攧 鎭㈠鑺傜偣: LeftHandSideExpression
  isRoot: false
  浼犲叆鐨?curDisplayDepth: 5
  shouldBreakLine: undefined
  orBranchInfo: {
  orIndex: 0,
  branchIndex: undefined,
  isOrEntry: true,
  isOrBranch: false,
  totalBranches: undefined
}
  缂撳瓨涓殑 displayDepth: undefined
  鏈€缁堣缃殑 displayDepth: 5

馃攧 鎭㈠鑺傜偣: LeftHandSideExpression
  isRoot: false
  浼犲叆鐨?curDisplayDepth: 5
  shouldBreakLine: undefined
  orBranchInfo: {
  orIndex: 0,
  branchIndex: 0,
  isOrEntry: false,
  isOrBranch: true,
  totalBranches: 3
}
  缂撳瓨涓殑 displayDepth: undefined
  鏈€缁堣缃殑 displayDepth: 5

馃攧 鎭㈠鑺傜偣: NewExpression
  isRoot: false
  浼犲叆鐨?curDisplayDepth: 5
  shouldBreakLine: undefined
  orBranchInfo: undefined
  缂撳瓨涓殑 displayDepth: undefined
  鏈€缁堣缃殑 displayDepth: 5

馃攧 鎭㈠鑺傜偣: NewExpression
  isRoot: false
  浼犲叆鐨?curDisplayDepth: 5
  shouldBreakLine: undefined
  orBranchInfo: {
  orIndex: 0,
  branchIndex: undefined,
  isOrEntry: true,
  isOrBranch: false,
  totalBranches: undefined
}
  缂撳瓨涓殑 displayDepth: undefined
  鏈€缁堣缃殑 displayDepth: 5

馃攧 鎭㈠鑺傜偣: NewExpression
  isRoot: false
  浼犲叆鐨?curDisplayDepth: 5
  shouldBreakLine: undefined
  orBranchInfo: {
  orIndex: 0,
  branchIndex: 0,
  isOrEntry: false,
  isOrBranch: true,
  totalBranches: 2
}
  缂撳瓨涓殑 displayDepth: undefined
  鏈€缁堣缃殑 displayDepth: 5

馃攧 鎭㈠鑺傜偣: MemberExpression
  isRoot: false
  浼犲叆鐨?curDisplayDepth: 5
  shouldBreakLine: undefined
  orBranchInfo: undefined
  缂撳瓨涓殑 displayDepth: undefined
  鏈€缁堣缃殑 displayDepth: 5

馃攧 鎭㈠鑺傜偣: MemberExpression
  isRoot: false
  浼犲叆鐨?curDisplayDepth: 5
  shouldBreakLine: undefined
  orBranchInfo: {
  orIndex: 0,
  branchIndex: undefined,
  isOrEntry: true,
  isOrBranch: false,
  totalBranches: undefined
}
  缂撳瓨涓殑 displayDepth: undefined
  鏈€缁堣缃殑 displayDepth: 5

馃攧 鎭㈠鑺傜偣: MemberExpression
  isRoot: false
  浼犲叆鐨?curDisplayDepth: 5
  shouldBreakLine: undefined
  orBranchInfo: {
  orIndex: 0,
  branchIndex: 0,
  isOrEntry: false,
  isOrBranch: true,
  totalBranches: 4
}
  缂撳瓨涓殑 displayDepth: undefined
  鏈€缁堣缃殑 displayDepth: 5

馃攧 鎭㈠鑺傜偣: PrimaryExpression
  isRoot: false
  浼犲叆鐨?curDisplayDepth: 5
  shouldBreakLine: undefined
  orBranchInfo: undefined
  缂撳瓨涓殑 displayDepth: undefined
  鏈€缁堣缃殑 displayDepth: 5

馃攧 鎭㈠鑺傜偣: PrimaryExpression
  isRoot: false
  浼犲叆鐨?curDisplayDepth: 5
  shouldBreakLine: undefined
  orBranchInfo: {
  orIndex: 0,
  branchIndex: undefined,
  isOrEntry: true,
  isOrBranch: false,
  totalBranches: undefined
}
  缂撳瓨涓殑 displayDepth: undefined
  鏈€缁堣缃殑 displayDepth: 5

馃攧 鎭㈠鑺傜偣: PrimaryExpression
  isRoot: false
  浼犲叆鐨?curDisplayDepth: 5
  shouldBreakLine: undefined
  orBranchInfo: {
  orIndex: 0,
  branchIndex: 2,
  isOrEntry: false,
  isOrBranch: true,
  totalBranches: 13
}
  缂撳瓨涓殑 displayDepth: undefined
  鏈€缁堣缃殑 displayDepth: 5

馃攧 鎭㈠鑺傜偣: Literal
  isRoot: false
  浼犲叆鐨?curDisplayDepth: 5
  shouldBreakLine: undefined
  orBranchInfo: undefined
  缂撳瓨涓殑 displayDepth: undefined
  鏈€缁堣缃殑 displayDepth: 5

馃攧 鎭㈠鑺傜偣: Literal
  isRoot: false
  浼犲叆鐨?curDisplayDepth: 5
  shouldBreakLine: true
  orBranchInfo: {
  orIndex: 0,
  branchIndex: undefined,
  isOrEntry: true,
  isOrBranch: false,
  totalBranches: undefined
}
  缂撳瓨涓殑 displayDepth: undefined
  瀛愯妭鐐逛笖闇€瑕佹柇閾撅紝娣卞害 +1 鈫?6
  鏈€缁堣缃殑 displayDepth: 6

馃攧 鎭㈠鑺傜偣: Literal
  isRoot: false
  浼犲叆鐨?curDisplayDepth: 6
  shouldBreakLine: true
  orBranchInfo: {
  orIndex: 0,
  branchIndex: 3,
  isOrEntry: false,
  isOrBranch: true,
  totalBranches: 5
}
  缂撳瓨涓殑 displayDepth: undefined
  瀛愯妭鐐逛笖闇€瑕佹柇閾撅紝娣卞害 +1 鈫?7
  鏈€缁堣缃殑 displayDepth: 7

馃攧 鎭㈠鑺傜偣: Token
  isRoot: false
  浼犲叆鐨?curDisplayDepth: 7
  shouldBreakLine: true
  orBranchInfo: undefined
  缂撳瓨涓殑 displayDepth: undefined
  瀛愯妭鐐逛笖闇€瑕佹柇閾撅紝娣卞害 +1 鈫?8
  鏈€缁堣缃殑 displayDepth: 8
鈹? 鈹? 鈹? 鈹? 鈹? 鈹溾攢LeftHandSideExpression > NewExpression > MemberExpression > PrimaryExpression > Literal
鈹? 鈹? 鈹? 鈹? 鈹? 鈹? 鈹溾攢馃攢 Literal(Or) 鈿Cached] 6
鈹? 鈹? 鈹? 鈹? 鈹? 鈹? 鈹? 鈹溾攢[Branch #4] 鈿Cached] 7
鈹? 鈹? 鈹? 鈹? 鈹? 鈹? 鈹? 鈹? 鈹斺攢馃敼 Consume token[3] - 1 - <NumericLiteral> [] 鉁? 鈿Cached] 8
鈹? 鈹? 鈹? 鈹? 鈹溾攢UnaryExpression
鈹? 鈹? 鈹? 鈹? 鈹? 鈹溾攢馃攢 UnaryExpression(Or) 5
鈹? 鈹? 鈹? 鈹? 鈹? 鈹? 鈹斺攢[Branch #1] 6

馃攧 鎭㈠鑺傜偣: UpdateExpression
  isRoot: true
  浼犲叆鐨?curDisplayDepth: 7
  shouldBreakLine: undefined
  orBranchInfo: undefined
  缂撳瓨涓殑 displayDepth: undefined
  鏈€缁堣缃殑 displayDepth: 7

馃攧 鎭㈠鑺傜偣: UpdateExpression
  isRoot: false
  浼犲叆鐨?curDisplayDepth: 7
  shouldBreakLine: undefined
  orBranchInfo: {
  orIndex: 0,
  branchIndex: undefined,
  isOrEntry: true,
  isOrBranch: false,
  totalBranches: undefined
}
  缂撳瓨涓殑 displayDepth: undefined
  鏈€缁堣缃殑 displayDepth: 7

馃攧 鎭㈠鑺傜偣: UpdateExpression
  isRoot: false
  浼犲叆鐨?curDisplayDepth: 7
  shouldBreakLine: undefined
  orBranchInfo: {
  orIndex: 0,
  branchIndex: 0,
  isOrEntry: false,
  isOrBranch: true,
  totalBranches: 5
}
  缂撳瓨涓殑 displayDepth: undefined
  鏈€缁堣缃殑 displayDepth: 7

馃攧 鎭㈠鑺傜偣: LeftHandSideExpression
  isRoot: false
  浼犲叆鐨?curDisplayDepth: 7
  shouldBreakLine: undefined
  orBranchInfo: undefined
  缂撳瓨涓殑 displayDepth: undefined
  鏈€缁堣缃殑 displayDepth: 7

馃攧 鎭㈠鑺傜偣: LeftHandSideExpression
  isRoot: false
  浼犲叆鐨?curDisplayDepth: 7
  shouldBreakLine: undefined
  orBranchInfo: {
  orIndex: 0,
  branchIndex: undefined,
  isOrEntry: true,
  isOrBranch: false,
  totalBranches: undefined
}
  缂撳瓨涓殑 displayDepth: undefined
  鏈€缁堣缃殑 displayDepth: 7

馃攧 鎭㈠鑺傜偣: LeftHandSideExpression
  isRoot: false
  浼犲叆鐨?curDisplayDepth: 7
  shouldBreakLine: undefined
  orBranchInfo: {
  orIndex: 0,
  branchIndex: 0,
  isOrEntry: false,
  isOrBranch: true,
  totalBranches: 3
}
  缂撳瓨涓殑 displayDepth: undefined
  鏈€缁堣缃殑 displayDepth: 7

馃攧 鎭㈠鑺傜偣: NewExpression
  isRoot: false
  浼犲叆鐨?curDisplayDepth: 7
  shouldBreakLine: undefined
  orBranchInfo: undefined
  缂撳瓨涓殑 displayDepth: undefined
  鏈€缁堣缃殑 displayDepth: 7

馃攧 鎭㈠鑺傜偣: NewExpression
  isRoot: false
  浼犲叆鐨?curDisplayDepth: 7
  shouldBreakLine: undefined
  orBranchInfo: {
  orIndex: 0,
  branchIndex: undefined,
  isOrEntry: true,
  isOrBranch: false,
  totalBranches: undefined
}
  缂撳瓨涓殑 displayDepth: undefined
  鏈€缁堣缃殑 displayDepth: 7

馃攧 鎭㈠鑺傜偣: NewExpression
  isRoot: false
  浼犲叆鐨?curDisplayDepth: 7
  shouldBreakLine: undefined
  orBranchInfo: {
  orIndex: 0,
  branchIndex: 0,
  isOrEntry: false,
  isOrBranch: true,
  totalBranches: 2
}
  缂撳瓨涓殑 displayDepth: undefined
  鏈€缁堣缃殑 displayDepth: 7

馃攧 鎭㈠鑺傜偣: MemberExpression
  isRoot: false
  浼犲叆鐨?curDisplayDepth: 7
  shouldBreakLine: undefined
  orBranchInfo: undefined
  缂撳瓨涓殑 displayDepth: undefined
  鏈€缁堣缃殑 displayDepth: 7

馃攧 鎭㈠鑺傜偣: MemberExpression
  isRoot: false
  浼犲叆鐨?curDisplayDepth: 7
  shouldBreakLine: undefined
  orBranchInfo: {
  orIndex: 0,
  branchIndex: undefined,
  isOrEntry: true,
  isOrBranch: false,
  totalBranches: undefined
}
  缂撳瓨涓殑 displayDepth: undefined
  鏈€缁堣缃殑 displayDepth: 7

馃攧 鎭㈠鑺傜偣: MemberExpression
  isRoot: false
  浼犲叆鐨?curDisplayDepth: 7
  shouldBreakLine: undefined
  orBranchInfo: {
  orIndex: 0,
  branchIndex: 0,
  isOrEntry: false,
  isOrBranch: true,
  totalBranches: 4
}
  缂撳瓨涓殑 displayDepth: undefined
  鏈€缁堣缃殑 displayDepth: 7

馃攧 鎭㈠鑺傜偣: PrimaryExpression
  isRoot: false
  浼犲叆鐨?curDisplayDepth: 7
  shouldBreakLine: undefined
  orBranchInfo: undefined
  缂撳瓨涓殑 displayDepth: undefined
  鏈€缁堣缃殑 displayDepth: 7

馃攧 鎭㈠鑺傜偣: PrimaryExpression
  isRoot: false
  浼犲叆鐨?curDisplayDepth: 7
  shouldBreakLine: undefined
  orBranchInfo: {
  orIndex: 0,
  branchIndex: undefined,
  isOrEntry: true,
  isOrBranch: false,
  totalBranches: undefined
}
  缂撳瓨涓殑 displayDepth: undefined
  鏈€缁堣缃殑 displayDepth: 7

馃攧 鎭㈠鑺傜偣: PrimaryExpression
  isRoot: false
  浼犲叆鐨?curDisplayDepth: 7
  shouldBreakLine: undefined
  orBranchInfo: {
  orIndex: 0,
  branchIndex: 2,
  isOrEntry: false,
  isOrBranch: true,
  totalBranches: 13
}
  缂撳瓨涓殑 displayDepth: undefined
  鏈€缁堣缃殑 displayDepth: 7

馃攧 鎭㈠鑺傜偣: Literal
  isRoot: false
  浼犲叆鐨?curDisplayDepth: 7
  shouldBreakLine: undefined
  orBranchInfo: undefined
  缂撳瓨涓殑 displayDepth: undefined
  鏈€缁堣缃殑 displayDepth: 7

馃攧 鎭㈠鑺傜偣: Literal
  isRoot: false
  浼犲叆鐨?curDisplayDepth: 7
  shouldBreakLine: true
  orBranchInfo: {
  orIndex: 0,
  branchIndex: undefined,
  isOrEntry: true,
  isOrBranch: false,
  totalBranches: undefined
}
  缂撳瓨涓殑 displayDepth: undefined
  瀛愯妭鐐逛笖闇€瑕佹柇閾撅紝娣卞害 +1 鈫?8
  鏈€缁堣缃殑 displayDepth: 8

馃攧 鎭㈠鑺傜偣: Literal
  isRoot: false
  浼犲叆鐨?curDisplayDepth: 8
  shouldBreakLine: true
  orBranchInfo: {
  orIndex: 0,
  branchIndex: 3,
  isOrEntry: false,
  isOrBranch: true,
  totalBranches: 5
}
  缂撳瓨涓殑 displayDepth: undefined
  瀛愯妭鐐逛笖闇€瑕佹柇閾撅紝娣卞害 +1 鈫?9
  鏈€缁堣缃殑 displayDepth: 9

馃攧 鎭㈠鑺傜偣: Token
  isRoot: false
  浼犲叆鐨?curDisplayDepth: 9
  shouldBreakLine: true
  orBranchInfo: undefined
  缂撳瓨涓殑 displayDepth: undefined
  瀛愯妭鐐逛笖闇€瑕佹柇閾撅紝娣卞害 +1 鈫?10
  鏈€缁堣缃殑 displayDepth: 10

馃攧 鎭㈠鑺傜偣: UpdateExpression
  isRoot: false
  浼犲叆鐨?curDisplayDepth: 7
  shouldBreakLine: true
  orBranchInfo: {
  orIndex: 0,
  branchIndex: 1,
  isOrEntry: false,
  isOrBranch: true,
  totalBranches: 5
}
  缂撳瓨涓殑 displayDepth: undefined
  瀛愯妭鐐逛笖闇€瑕佹柇閾撅紝娣卞害 +1 鈫?8
  鏈€缁堣缃殑 displayDepth: 8

馃攧 鎭㈠鑺傜偣: LeftHandSideExpression
  isRoot: false
  浼犲叆鐨?curDisplayDepth: 8
  shouldBreakLine: undefined
  orBranchInfo: undefined
  缂撳瓨涓殑 displayDepth: undefined
  鏈€缁堣缃殑 displayDepth: 8

馃攧 鎭㈠鑺傜偣: LeftHandSideExpression
  isRoot: false
  浼犲叆鐨?curDisplayDepth: 8
  shouldBreakLine: undefined
  orBranchInfo: {
  orIndex: 0,
  branchIndex: undefined,
  isOrEntry: true,
  isOrBranch: false,
  totalBranches: undefined
}
  缂撳瓨涓殑 displayDepth: undefined
  鏈€缁堣缃殑 displayDepth: 8

馃攧 鎭㈠鑺傜偣: LeftHandSideExpression
  isRoot: false
  浼犲叆鐨?curDisplayDepth: 8
  shouldBreakLine: undefined
  orBranchInfo: {
  orIndex: 0,
  branchIndex: 0,
  isOrEntry: false,
  isOrBranch: true,
  totalBranches: 3
}
  缂撳瓨涓殑 displayDepth: undefined
  鏈€缁堣缃殑 displayDepth: 8

馃攧 鎭㈠鑺傜偣: NewExpression
  isRoot: false
  浼犲叆鐨?curDisplayDepth: 8
  shouldBreakLine: undefined
  orBranchInfo: undefined
  缂撳瓨涓殑 displayDepth: undefined
  鏈€缁堣缃殑 displayDepth: 8

馃攧 鎭㈠鑺傜偣: NewExpression
  isRoot: false
  浼犲叆鐨?curDisplayDepth: 8
  shouldBreakLine: undefined
  orBranchInfo: {
  orIndex: 0,
  branchIndex: undefined,
  isOrEntry: true,
  isOrBranch: false,
  totalBranches: undefined
}
  缂撳瓨涓殑 displayDepth: undefined
  鏈€缁堣缃殑 displayDepth: 8

馃攧 鎭㈠鑺傜偣: NewExpression
  isRoot: false
  浼犲叆鐨?curDisplayDepth: 8
  shouldBreakLine: undefined
  orBranchInfo: {
  orIndex: 0,
  branchIndex: 0,
  isOrEntry: false,
  isOrBranch: true,
  totalBranches: 2
}
  缂撳瓨涓殑 displayDepth: undefined
  鏈€缁堣缃殑 displayDepth: 8

馃攧 鎭㈠鑺傜偣: MemberExpression
  isRoot: false
  浼犲叆鐨?curDisplayDepth: 8
  shouldBreakLine: undefined
  orBranchInfo: undefined
  缂撳瓨涓殑 displayDepth: undefined
  鏈€缁堣缃殑 displayDepth: 8

馃攧 鎭㈠鑺傜偣: MemberExpression
  isRoot: false
  浼犲叆鐨?curDisplayDepth: 8
  shouldBreakLine: undefined
  orBranchInfo: {
  orIndex: 0,
  branchIndex: undefined,
  isOrEntry: true,
  isOrBranch: false,
  totalBranches: undefined
}
  缂撳瓨涓殑 displayDepth: undefined
  鏈€缁堣缃殑 displayDepth: 8

馃攧 鎭㈠鑺傜偣: MemberExpression
  isRoot: false
  浼犲叆鐨?curDisplayDepth: 8
  shouldBreakLine: undefined
  orBranchInfo: {
  orIndex: 0,
  branchIndex: 0,
  isOrEntry: false,
  isOrBranch: true,
  totalBranches: 4
}
  缂撳瓨涓殑 displayDepth: undefined
  鏈€缁堣缃殑 displayDepth: 8

馃攧 鎭㈠鑺傜偣: PrimaryExpression
  isRoot: false
  浼犲叆鐨?curDisplayDepth: 8
  shouldBreakLine: undefined
  orBranchInfo: undefined
  缂撳瓨涓殑 displayDepth: undefined
  鏈€缁堣缃殑 displayDepth: 8

馃攧 鎭㈠鑺傜偣: PrimaryExpression
  isRoot: false
  浼犲叆鐨?curDisplayDepth: 8
  shouldBreakLine: undefined
  orBranchInfo: {
  orIndex: 0,
  branchIndex: undefined,
  isOrEntry: true,
  isOrBranch: false,
  totalBranches: undefined
}
  缂撳瓨涓殑 displayDepth: undefined
  鏈€缁堣缃殑 displayDepth: 8

馃攧 鎭㈠鑺傜偣: PrimaryExpression
  isRoot: false
  浼犲叆鐨?curDisplayDepth: 8
  shouldBreakLine: undefined
  orBranchInfo: {
  orIndex: 0,
  branchIndex: 2,
  isOrEntry: false,
  isOrBranch: true,
  totalBranches: 13
}
  缂撳瓨涓殑 displayDepth: undefined
  鏈€缁堣缃殑 displayDepth: 8

馃攧 鎭㈠鑺傜偣: Literal
  isRoot: false
  浼犲叆鐨?curDisplayDepth: 8
  shouldBreakLine: undefined
  orBranchInfo: undefined
  缂撳瓨涓殑 displayDepth: undefined
  鏈€缁堣缃殑 displayDepth: 8

馃攧 鎭㈠鑺傜偣: Literal
  isRoot: false
  浼犲叆鐨?curDisplayDepth: 8
  shouldBreakLine: true
  orBranchInfo: {
  orIndex: 0,
  branchIndex: undefined,
  isOrEntry: true,
  isOrBranch: false,
  totalBranches: undefined
}
  缂撳瓨涓殑 displayDepth: undefined
  瀛愯妭鐐逛笖闇€瑕佹柇閾撅紝娣卞害 +1 鈫?9
  鏈€缁堣缃殑 displayDepth: 9

馃攧 鎭㈠鑺傜偣: Literal
  isRoot: false
  浼犲叆鐨?curDisplayDepth: 9
  shouldBreakLine: true
  orBranchInfo: {
  orIndex: 0,
  branchIndex: 3,
  isOrEntry: false,
  isOrBranch: true,
  totalBranches: 5
}
  缂撳瓨涓殑 displayDepth: undefined
  瀛愯妭鐐逛笖闇€瑕佹柇閾撅紝娣卞害 +1 鈫?10
  鏈€缁堣缃殑 displayDepth: 10

馃攧 鎭㈠鑺傜偣: Token
  isRoot: false
  浼犲叆鐨?curDisplayDepth: 10
  shouldBreakLine: true
  orBranchInfo: undefined
  缂撳瓨涓殑 displayDepth: undefined
  瀛愯妭鐐逛笖闇€瑕佹柇閾撅紝娣卞害 +1 鈫?11
  鏈€缁堣缃殑 displayDepth: 11

馃攧 鎭㈠鑺傜偣: UpdateExpression
  isRoot: false
  浼犲叆鐨?curDisplayDepth: 7
  shouldBreakLine: true
  orBranchInfo: {
  orIndex: 0,
  branchIndex: 4,
  isOrEntry: false,
  isOrBranch: true,
  totalBranches: 5
}
  缂撳瓨涓殑 displayDepth: undefined
  瀛愯妭鐐逛笖闇€瑕佹柇閾撅紝娣卞害 +1 鈫?8
  鏈€缁堣缃殑 displayDepth: 8

馃攧 鎭㈠鑺傜偣: LeftHandSideExpression
  isRoot: false
  浼犲叆鐨?curDisplayDepth: 8
  shouldBreakLine: undefined
  orBranchInfo: undefined
  缂撳瓨涓殑 displayDepth: undefined
  鏈€缁堣缃殑 displayDepth: 8

馃攧 鎭㈠鑺傜偣: LeftHandSideExpression
  isRoot: false
  浼犲叆鐨?curDisplayDepth: 8
  shouldBreakLine: undefined
  orBranchInfo: {
  orIndex: 0,
  branchIndex: undefined,
  isOrEntry: true,
  isOrBranch: false,
  totalBranches: undefined
}
  缂撳瓨涓殑 displayDepth: undefined
  鏈€缁堣缃殑 displayDepth: 8

馃攧 鎭㈠鑺傜偣: LeftHandSideExpression
  isRoot: false
  浼犲叆鐨?curDisplayDepth: 8
  shouldBreakLine: undefined
  orBranchInfo: {
  orIndex: 0,
  branchIndex: 0,
  isOrEntry: false,
  isOrBranch: true,
  totalBranches: 3
}
  缂撳瓨涓殑 displayDepth: undefined
  鏈€缁堣缃殑 displayDepth: 8

馃攧 鎭㈠鑺傜偣: NewExpression
  isRoot: false
  浼犲叆鐨?curDisplayDepth: 8
  shouldBreakLine: undefined
  orBranchInfo: undefined
  缂撳瓨涓殑 displayDepth: undefined
  鏈€缁堣缃殑 displayDepth: 8

馃攧 鎭㈠鑺傜偣: NewExpression
  isRoot: false
  浼犲叆鐨?curDisplayDepth: 8
  shouldBreakLine: undefined
  orBranchInfo: {
  orIndex: 0,
  branchIndex: undefined,
  isOrEntry: true,
  isOrBranch: false,
  totalBranches: undefined
}
  缂撳瓨涓殑 displayDepth: undefined
  鏈€缁堣缃殑 displayDepth: 8

馃攧 鎭㈠鑺傜偣: NewExpression
  isRoot: false
  浼犲叆鐨?curDisplayDepth: 8
  shouldBreakLine: undefined
  orBranchInfo: {
  orIndex: 0,
  branchIndex: 0,
  isOrEntry: false,
  isOrBranch: true,
  totalBranches: 2
}
  缂撳瓨涓殑 displayDepth: undefined
  鏈€缁堣缃殑 displayDepth: 8

馃攧 鎭㈠鑺傜偣: MemberExpression
  isRoot: false
  浼犲叆鐨?curDisplayDepth: 8
  shouldBreakLine: undefined
  orBranchInfo: undefined
  缂撳瓨涓殑 displayDepth: undefined
  鏈€缁堣缃殑 displayDepth: 8

馃攧 鎭㈠鑺傜偣: MemberExpression
  isRoot: false
  浼犲叆鐨?curDisplayDepth: 8
  shouldBreakLine: undefined
  orBranchInfo: {
  orIndex: 0,
  branchIndex: undefined,
  isOrEntry: true,
  isOrBranch: false,
  totalBranches: undefined
}
  缂撳瓨涓殑 displayDepth: undefined
  鏈€缁堣缃殑 displayDepth: 8

馃攧 鎭㈠鑺傜偣: MemberExpression
  isRoot: false
  浼犲叆鐨?curDisplayDepth: 8
  shouldBreakLine: undefined
  orBranchInfo: {
  orIndex: 0,
  branchIndex: 0,
  isOrEntry: false,
  isOrBranch: true,
  totalBranches: 4
}
  缂撳瓨涓殑 displayDepth: undefined
  鏈€缁堣缃殑 displayDepth: 8

馃攧 鎭㈠鑺傜偣: PrimaryExpression
  isRoot: false
  浼犲叆鐨?curDisplayDepth: 8
  shouldBreakLine: undefined
  orBranchInfo: undefined
  缂撳瓨涓殑 displayDepth: undefined
  鏈€缁堣缃殑 displayDepth: 8

馃攧 鎭㈠鑺傜偣: PrimaryExpression
  isRoot: false
  浼犲叆鐨?curDisplayDepth: 8
  shouldBreakLine: undefined
  orBranchInfo: {
  orIndex: 0,
  branchIndex: undefined,
  isOrEntry: true,
  isOrBranch: false,
  totalBranches: undefined
}
  缂撳瓨涓殑 displayDepth: undefined
  鏈€缁堣缃殑 displayDepth: 8

馃攧 鎭㈠鑺傜偣: PrimaryExpression
  isRoot: false
  浼犲叆鐨?curDisplayDepth: 8
  shouldBreakLine: undefined
  orBranchInfo: {
  orIndex: 0,
  branchIndex: 2,
  isOrEntry: false,
  isOrBranch: true,
  totalBranches: 13
}
  缂撳瓨涓殑 displayDepth: undefined
  鏈€缁堣缃殑 displayDepth: 8

馃攧 鎭㈠鑺傜偣: Literal
  isRoot: false
  浼犲叆鐨?curDisplayDepth: 8
  shouldBreakLine: undefined
  orBranchInfo: undefined
  缂撳瓨涓殑 displayDepth: undefined
  鏈€缁堣缃殑 displayDepth: 8

馃攧 鎭㈠鑺傜偣: Literal
  isRoot: false
  浼犲叆鐨?curDisplayDepth: 8
  shouldBreakLine: true
  orBranchInfo: {
  orIndex: 0,
  branchIndex: undefined,
  isOrEntry: true,
  isOrBranch: false,
  totalBranches: undefined
}
  缂撳瓨涓殑 displayDepth: undefined
  瀛愯妭鐐逛笖闇€瑕佹柇閾撅紝娣卞害 +1 鈫?9
  鏈€缁堣缃殑 displayDepth: 9

馃攧 鎭㈠鑺傜偣: Literal
  isRoot: false
  浼犲叆鐨?curDisplayDepth: 9
  shouldBreakLine: true
  orBranchInfo: {
  orIndex: 0,
  branchIndex: 3,
  isOrEntry: false,
  isOrBranch: true,
  totalBranches: 5
}
  缂撳瓨涓殑 displayDepth: undefined
  瀛愯妭鐐逛笖闇€瑕佹柇閾撅紝娣卞害 +1 鈫?10
  鏈€缁堣缃殑 displayDepth: 10

馃攧 鎭㈠鑺傜偣: Token
  isRoot: false
  浼犲叆鐨?curDisplayDepth: 10
  shouldBreakLine: true
  orBranchInfo: undefined
  缂撳瓨涓殑 displayDepth: undefined
  瀛愯妭鐐逛笖闇€瑕佹柇閾撅紝娣卞害 +1 鈫?11
  鏈€缁堣缃殑 displayDepth: 11
鈹? 鈹? 鈹? 鈹? 鈹? 鈹? 鈹? 鈹溾攢UpdateExpression > LeftHandSideExpression > NewExpression > ... > PrimaryExpression > Literal
鈹? 鈹? 鈹? 鈹? 鈹? 鈹? 鈹? 鈹? 鈹溾攢馃攢 Literal(Or) 鈿Cached] 8
鈹? 鈹? 鈹? 鈹? 鈹? 鈹? 鈹? 鈹? 鈹? 鈹溾攢[Branch #4] 鈿Cached] 9
鈹? 鈹? 鈹? 鈹? 鈹? 鈹? 鈹? 鈹? 鈹? 鈹? 鈹溾攢馃敼 Consume token[3] - 1 - <NumericLiteral> [] 鉁? 鈿Cached] 10
鈹? 鈹? 鈹? 鈹? 鈹? 鈹? 鈹? 鈹? 鈹? 鈹? 鈹? 鈹斺攢[Branch #2] 鈿Cached] 11
鈹? 鈹? 鈹? 鈹? 鈹? 鈹? 鈹? 鈹? 鈹溾攢LeftHandSideExpression > NewExpression > MemberExpression > PrimaryExpression > Literal
鈹? 鈹? 鈹? 鈹? 鈹? 鈹? 鈹? 鈹? 鈹? 鈹溾攢馃攢 Literal(Or) 鈿Cached] 9
鈹? 鈹? 鈹? 鈹? 鈹? 鈹? 鈹? 鈹? 鈹? 鈹? 鈹溾攢[Branch #4] 鈿Cached] 10
鈹? 鈹? 鈹? 鈹? 鈹? 鈹? 鈹? 鈹? 鈹? 鈹? 鈹? 鈹溾攢馃敼 Consume token[3] - 1 - <NumericLiteral> [] 鉁? 鈿Cached] 11
鈹? 鈹? 鈹? 鈹? 鈹? 鈹? 鈹? 鈹? 鈹? 鈹? 鈹? 鈹? 鈹斺攢[Branch #5] 鈿Cached] 12
鈹? 鈹? 鈹? 鈹? 鈹? 鈹? 鈹? 鈹? 鈹溾攢LeftHandSideExpression > NewExpression > MemberExpression > PrimaryExpression > Literal
鈹? 鈹? 鈹? 鈹? 鈹? 鈹? 鈹? 鈹? 鈹? 鈹溾攢馃攢 Literal(Or) 鈿Cached] 9
鈹? 鈹? 鈹? 鈹? 鈹? 鈹? 鈹? 鈹? 鈹? 鈹? 鈹溾攢[Branch #4] 鈿Cached] 10
鈹? 鈹? 鈹? 鈹? 鈹? 鈹? 鈹? 鈹? 鈹? 鈹? 鈹? 鈹斺攢馃敼 Consume token[3] - 1 - <NumericLiteral> [] 鉁? 鈿Cached] 11
鈹? 鈹? 鈹? 鈹? 鈹斺攢[Branch #2] 4

馃攧 鎭㈠鑺傜偣: ShortCircuitExpression
  isRoot: true
  浼犲叆鐨?curDisplayDepth: 5
  shouldBreakLine: undefined
  orBranchInfo: undefined
  缂撳瓨涓殑 displayDepth: undefined
  鏈€缁堣缃殑 displayDepth: 5

馃攧 鎭㈠鑺傜偣: ShortCircuitExpression
  isRoot: false
  浼犲叆鐨?curDisplayDepth: 5
  shouldBreakLine: undefined
  orBranchInfo: {
  orIndex: 0,
  branchIndex: undefined,
  isOrEntry: true,
  isOrBranch: false,
  totalBranches: undefined
}
  缂撳瓨涓殑 displayDepth: undefined
  鏈€缁堣缃殑 displayDepth: 5

馃攧 鎭㈠鑺傜偣: ShortCircuitExpression
  isRoot: false
  浼犲叆鐨?curDisplayDepth: 5
  shouldBreakLine: undefined
  orBranchInfo: {
  orIndex: 0,
  branchIndex: 0,
  isOrEntry: false,
  isOrBranch: true,
  totalBranches: 2
}
  缂撳瓨涓殑 displayDepth: undefined
  鏈€缁堣缃殑 displayDepth: 5

馃攧 鎭㈠鑺傜偣: LogicalORExpression
  isRoot: false
  浼犲叆鐨?curDisplayDepth: 5
  shouldBreakLine: undefined
  orBranchInfo: undefined
  缂撳瓨涓殑 displayDepth: undefined
  鏈€缁堣缃殑 displayDepth: 5

馃攧 鎭㈠鑺傜偣: LogicalANDExpression
  isRoot: false
  浼犲叆鐨?curDisplayDepth: 5
  shouldBreakLine: undefined
  orBranchInfo: undefined
  缂撳瓨涓殑 displayDepth: undefined
  鏈€缁堣缃殑 displayDepth: 5

馃攧 鎭㈠鑺傜偣: BitwiseORExpression
  isRoot: false
  浼犲叆鐨?curDisplayDepth: 5
  shouldBreakLine: undefined
  orBranchInfo: undefined
  缂撳瓨涓殑 displayDepth: undefined
  鏈€缁堣缃殑 displayDepth: 5

馃攧 鎭㈠鑺傜偣: BitwiseXORExpression
  isRoot: false
  浼犲叆鐨?curDisplayDepth: 5
  shouldBreakLine: undefined
  orBranchInfo: undefined
  缂撳瓨涓殑 displayDepth: undefined
  鏈€缁堣缃殑 displayDepth: 5

馃攧 鎭㈠鑺傜偣: BitwiseANDExpression
  isRoot: false
  浼犲叆鐨?curDisplayDepth: 5
  shouldBreakLine: undefined
  orBranchInfo: undefined
  缂撳瓨涓殑 displayDepth: undefined
  鏈€缁堣缃殑 displayDepth: 5

馃攧 鎭㈠鑺傜偣: EqualityExpression
  isRoot: false
  浼犲叆鐨?curDisplayDepth: 5
  shouldBreakLine: undefined
  orBranchInfo: undefined
  缂撳瓨涓殑 displayDepth: undefined
  鏈€缁堣缃殑 displayDepth: 5

馃攧 鎭㈠鑺傜偣: RelationalExpression
  isRoot: false
  浼犲叆鐨?curDisplayDepth: 5
  shouldBreakLine: undefined
  orBranchInfo: undefined
  缂撳瓨涓殑 displayDepth: undefined
  鏈€缁堣缃殑 displayDepth: 5

馃攧 鎭㈠鑺傜偣: ShiftExpression
  isRoot: false
  浼犲叆鐨?curDisplayDepth: 5
  shouldBreakLine: undefined
  orBranchInfo: undefined
  缂撳瓨涓殑 displayDepth: undefined
  鏈€缁堣缃殑 displayDepth: 5

馃攧 鎭㈠鑺傜偣: AdditiveExpression
  isRoot: false
  浼犲叆鐨?curDisplayDepth: 5
  shouldBreakLine: undefined
  orBranchInfo: undefined
  缂撳瓨涓殑 displayDepth: undefined
  鏈€缁堣缃殑 displayDepth: 5

馃攧 鎭㈠鑺傜偣: MultiplicativeExpression
  isRoot: false
  浼犲叆鐨?curDisplayDepth: 5
  shouldBreakLine: undefined
  orBranchInfo: undefined
  缂撳瓨涓殑 displayDepth: undefined
  鏈€缁堣缃殑 displayDepth: 5

馃攧 鎭㈠鑺傜偣: ExponentiationExpression
  isRoot: false
  浼犲叆鐨?curDisplayDepth: 5
  shouldBreakLine: undefined
  orBranchInfo: undefined
  缂撳瓨涓殑 displayDepth: undefined
  鏈€缁堣缃殑 displayDepth: 5

馃攧 鎭㈠鑺傜偣: ExponentiationExpression
  isRoot: false
  浼犲叆鐨?curDisplayDepth: 5
  shouldBreakLine: undefined
  orBranchInfo: {
  orIndex: 0,
  branchIndex: undefined,
  isOrEntry: true,
  isOrBranch: false,
  totalBranches: undefined
}
  缂撳瓨涓殑 displayDepth: undefined
  鏈€缁堣缃殑 displayDepth: 5

馃攧 鎭㈠鑺傜偣: ExponentiationExpression
  isRoot: false
  浼犲叆鐨?curDisplayDepth: 5
  shouldBreakLine: undefined
  orBranchInfo: {
  orIndex: 0,
  branchIndex: 0,
  isOrEntry: false,
  isOrBranch: true,
  totalBranches: 2
}
  缂撳瓨涓殑 displayDepth: undefined
  鏈€缁堣缃殑 displayDepth: 5

馃攧 鎭㈠鑺傜偣: UpdateExpression
  isRoot: false
  浼犲叆鐨?curDisplayDepth: 5
  shouldBreakLine: undefined
  orBranchInfo: undefined
  缂撳瓨涓殑 displayDepth: undefined
  鏈€缁堣缃殑 displayDepth: 5

馃攧 鎭㈠鑺傜偣: UpdateExpression
  isRoot: false
  浼犲叆鐨?curDisplayDepth: 5
  shouldBreakLine: undefined
  orBranchInfo: {
  orIndex: 0,
  branchIndex: undefined,
  isOrEntry: true,
  isOrBranch: false,
  totalBranches: undefined
}
  缂撳瓨涓殑 displayDepth: undefined
  鏈€缁堣缃殑 displayDepth: 5

馃攧 鎭㈠鑺傜偣: UpdateExpression
  isRoot: false
  浼犲叆鐨?curDisplayDepth: 5
  shouldBreakLine: undefined
  orBranchInfo: {
  orIndex: 0,
  branchIndex: 0,
  isOrEntry: false,
  isOrBranch: true,
  totalBranches: 5
}
  缂撳瓨涓殑 displayDepth: undefined
  鏈€缁堣缃殑 displayDepth: 5

馃攧 鎭㈠鑺傜偣: LeftHandSideExpression
  isRoot: false
  浼犲叆鐨?curDisplayDepth: 5
  shouldBreakLine: undefined
  orBranchInfo: undefined
  缂撳瓨涓殑 displayDepth: undefined
  鏈€缁堣缃殑 displayDepth: 5

馃攧 鎭㈠鑺傜偣: LeftHandSideExpression
  isRoot: false
  浼犲叆鐨?curDisplayDepth: 5
  shouldBreakLine: undefined
  orBranchInfo: {
  orIndex: 0,
  branchIndex: undefined,
  isOrEntry: true,
  isOrBranch: false,
  totalBranches: undefined
}
  缂撳瓨涓殑 displayDepth: undefined
  鏈€缁堣缃殑 displayDepth: 5

馃攧 鎭㈠鑺傜偣: LeftHandSideExpression
  isRoot: false
  浼犲叆鐨?curDisplayDepth: 5
  shouldBreakLine: undefined
  orBranchInfo: {
  orIndex: 0,
  branchIndex: 0,
  isOrEntry: false,
  isOrBranch: true,
  totalBranches: 3
}
  缂撳瓨涓殑 displayDepth: undefined
  鏈€缁堣缃殑 displayDepth: 5

馃攧 鎭㈠鑺傜偣: NewExpression
  isRoot: false
  浼犲叆鐨?curDisplayDepth: 5
  shouldBreakLine: undefined
  orBranchInfo: undefined
  缂撳瓨涓殑 displayDepth: undefined
  鏈€缁堣缃殑 displayDepth: 5

馃攧 鎭㈠鑺傜偣: NewExpression
  isRoot: false
  浼犲叆鐨?curDisplayDepth: 5
  shouldBreakLine: undefined
  orBranchInfo: {
  orIndex: 0,
  branchIndex: undefined,
  isOrEntry: true,
  isOrBranch: false,
  totalBranches: undefined
}
  缂撳瓨涓殑 displayDepth: undefined
  鏈€缁堣缃殑 displayDepth: 5

馃攧 鎭㈠鑺傜偣: NewExpression
  isRoot: false
  浼犲叆鐨?curDisplayDepth: 5
  shouldBreakLine: undefined
  orBranchInfo: {
  orIndex: 0,
  branchIndex: 0,
  isOrEntry: false,
  isOrBranch: true,
  totalBranches: 2
}
  缂撳瓨涓殑 displayDepth: undefined
  鏈€缁堣缃殑 displayDepth: 5

馃攧 鎭㈠鑺傜偣: MemberExpression
  isRoot: false
  浼犲叆鐨?curDisplayDepth: 5
  shouldBreakLine: undefined
  orBranchInfo: undefined
  缂撳瓨涓殑 displayDepth: undefined
  鏈€缁堣缃殑 displayDepth: 5

馃攧 鎭㈠鑺傜偣: MemberExpression
  isRoot: false
  浼犲叆鐨?curDisplayDepth: 5
  shouldBreakLine: undefined
  orBranchInfo: {
  orIndex: 0,
  branchIndex: undefined,
  isOrEntry: true,
  isOrBranch: false,
  totalBranches: undefined
}
  缂撳瓨涓殑 displayDepth: undefined
  鏈€缁堣缃殑 displayDepth: 5

馃攧 鎭㈠鑺傜偣: MemberExpression
  isRoot: false
  浼犲叆鐨?curDisplayDepth: 5
  shouldBreakLine: undefined
  orBranchInfo: {
  orIndex: 0,
  branchIndex: 0,
  isOrEntry: false,
  isOrBranch: true,
  totalBranches: 4
}
  缂撳瓨涓殑 displayDepth: undefined
  鏈€缁堣缃殑 displayDepth: 5

馃攧 鎭㈠鑺傜偣: PrimaryExpression
  isRoot: false
  浼犲叆鐨?curDisplayDepth: 5
  shouldBreakLine: undefined
  orBranchInfo: undefined
  缂撳瓨涓殑 displayDepth: undefined
  鏈€缁堣缃殑 displayDepth: 5

馃攧 鎭㈠鑺傜偣: PrimaryExpression
  isRoot: false
  浼犲叆鐨?curDisplayDepth: 5
  shouldBreakLine: undefined
  orBranchInfo: {
  orIndex: 0,
  branchIndex: undefined,
  isOrEntry: true,
  isOrBranch: false,
  totalBranches: undefined
}
  缂撳瓨涓殑 displayDepth: undefined
  鏈€缁堣缃殑 displayDepth: 5

馃攧 鎭㈠鑺傜偣: PrimaryExpression
  isRoot: false
  浼犲叆鐨?curDisplayDepth: 5
  shouldBreakLine: undefined
  orBranchInfo: {
  orIndex: 0,
  branchIndex: 2,
  isOrEntry: false,
  isOrBranch: true,
  totalBranches: 13
}
  缂撳瓨涓殑 displayDepth: undefined
  鏈€缁堣缃殑 displayDepth: 5

馃攧 鎭㈠鑺傜偣: Literal
  isRoot: false
  浼犲叆鐨?curDisplayDepth: 5
  shouldBreakLine: undefined
  orBranchInfo: undefined
  缂撳瓨涓殑 displayDepth: undefined
  鏈€缁堣缃殑 displayDepth: 5

馃攧 鎭㈠鑺傜偣: Literal
  isRoot: false
  浼犲叆鐨?curDisplayDepth: 5
  shouldBreakLine: true
  orBranchInfo: {
  orIndex: 0,
  branchIndex: undefined,
  isOrEntry: true,
  isOrBranch: false,
  totalBranches: undefined
}
  缂撳瓨涓殑 displayDepth: undefined
  瀛愯妭鐐逛笖闇€瑕佹柇閾撅紝娣卞害 +1 鈫?6
  鏈€缁堣缃殑 displayDepth: 6

馃攧 鎭㈠鑺傜偣: Literal
  isRoot: false
  浼犲叆鐨?curDisplayDepth: 6
  shouldBreakLine: true
  orBranchInfo: {
  orIndex: 0,
  branchIndex: 3,
  isOrEntry: false,
  isOrBranch: true,
  totalBranches: 5
}
  缂撳瓨涓殑 displayDepth: undefined
  瀛愯妭鐐逛笖闇€瑕佹柇閾撅紝娣卞害 +1 鈫?7
  鏈€缁堣缃殑 displayDepth: 7

馃攧 鎭㈠鑺傜偣: Token
  isRoot: false
  浼犲叆鐨?curDisplayDepth: 7
  shouldBreakLine: true
  orBranchInfo: undefined
  缂撳瓨涓殑 displayDepth: undefined
  瀛愯妭鐐逛笖闇€瑕佹柇閾撅紝娣卞害 +1 鈫?8
  鏈€缁堣缃殑 displayDepth: 8

馃攧 鎭㈠鑺傜偣: UpdateExpression
  isRoot: false
  浼犲叆鐨?curDisplayDepth: 5
  shouldBreakLine: true
  orBranchInfo: {
  orIndex: 0,
  branchIndex: 1,
  isOrEntry: false,
  isOrBranch: true,
  totalBranches: 5
}
  缂撳瓨涓殑 displayDepth: undefined
  瀛愯妭鐐逛笖闇€瑕佹柇閾撅紝娣卞害 +1 鈫?6
  鏈€缁堣缃殑 displayDepth: 6

馃攧 鎭㈠鑺傜偣: LeftHandSideExpression
  isRoot: false
  浼犲叆鐨?curDisplayDepth: 6
  shouldBreakLine: undefined
  orBranchInfo: undefined
  缂撳瓨涓殑 displayDepth: undefined
  鏈€缁堣缃殑 displayDepth: 6

馃攧 鎭㈠鑺傜偣: LeftHandSideExpression
  isRoot: false
  浼犲叆鐨?curDisplayDepth: 6
  shouldBreakLine: undefined
  orBranchInfo: {
  orIndex: 0,
  branchIndex: undefined,
  isOrEntry: true,
  isOrBranch: false,
  totalBranches: undefined
}
  缂撳瓨涓殑 displayDepth: undefined
  鏈€缁堣缃殑 displayDepth: 6

馃攧 鎭㈠鑺傜偣: LeftHandSideExpression
  isRoot: false
  浼犲叆鐨?curDisplayDepth: 6
  shouldBreakLine: undefined
  orBranchInfo: {
  orIndex: 0,
  branchIndex: 0,
  isOrEntry: false,
  isOrBranch: true,
  totalBranches: 3
}
  缂撳瓨涓殑 displayDepth: undefined
  鏈€缁堣缃殑 displayDepth: 6

馃攧 鎭㈠鑺傜偣: NewExpression
  isRoot: false
  浼犲叆鐨?curDisplayDepth: 6
  shouldBreakLine: undefined
  orBranchInfo: undefined
  缂撳瓨涓殑 displayDepth: undefined
  鏈€缁堣缃殑 displayDepth: 6

馃攧 鎭㈠鑺傜偣: NewExpression
  isRoot: false
  浼犲叆鐨?curDisplayDepth: 6
  shouldBreakLine: undefined
  orBranchInfo: {
  orIndex: 0,
  branchIndex: undefined,
  isOrEntry: true,
  isOrBranch: false,
  totalBranches: undefined
}
  缂撳瓨涓殑 displayDepth: undefined
  鏈€缁堣缃殑 displayDepth: 6

馃攧 鎭㈠鑺傜偣: NewExpression
  isRoot: false
  浼犲叆鐨?curDisplayDepth: 6
  shouldBreakLine: undefined
  orBranchInfo: {
  orIndex: 0,
  branchIndex: 0,
  isOrEntry: false,
  isOrBranch: true,
  totalBranches: 2
}
  缂撳瓨涓殑 displayDepth: undefined
  鏈€缁堣缃殑 displayDepth: 6

馃攧 鎭㈠鑺傜偣: MemberExpression
  isRoot: false
  浼犲叆鐨?curDisplayDepth: 6
  shouldBreakLine: undefined
  orBranchInfo: undefined
  缂撳瓨涓殑 displayDepth: undefined
  鏈€缁堣缃殑 displayDepth: 6

馃攧 鎭㈠鑺傜偣: MemberExpression
  isRoot: false
  浼犲叆鐨?curDisplayDepth: 6
  shouldBreakLine: undefined
  orBranchInfo: {
  orIndex: 0,
  branchIndex: undefined,
  isOrEntry: true,
  isOrBranch: false,
  totalBranches: undefined
}
  缂撳瓨涓殑 displayDepth: undefined
  鏈€缁堣缃殑 displayDepth: 6

馃攧 鎭㈠鑺傜偣: MemberExpression
  isRoot: false
  浼犲叆鐨?curDisplayDepth: 6
  shouldBreakLine: undefined
  orBranchInfo: {
  orIndex: 0,
  branchIndex: 0,
  isOrEntry: false,
  isOrBranch: true,
  totalBranches: 4
}
  缂撳瓨涓殑 displayDepth: undefined
  鏈€缁堣缃殑 displayDepth: 6

馃攧 鎭㈠鑺傜偣: PrimaryExpression
  isRoot: false
  浼犲叆鐨?curDisplayDepth: 6
  shouldBreakLine: undefined
  orBranchInfo: undefined
  缂撳瓨涓殑 displayDepth: undefined
  鏈€缁堣缃殑 displayDepth: 6

馃攧 鎭㈠鑺傜偣: PrimaryExpression
  isRoot: false
  浼犲叆鐨?curDisplayDepth: 6
  shouldBreakLine: undefined
  orBranchInfo: {
  orIndex: 0,
  branchIndex: undefined,
  isOrEntry: true,
  isOrBranch: false,
  totalBranches: undefined
}
  缂撳瓨涓殑 displayDepth: undefined
  鏈€缁堣缃殑 displayDepth: 6

馃攧 鎭㈠鑺傜偣: PrimaryExpression
  isRoot: false
  浼犲叆鐨?curDisplayDepth: 6
  shouldBreakLine: undefined
  orBranchInfo: {
  orIndex: 0,
  branchIndex: 2,
  isOrEntry: false,
  isOrBranch: true,
  totalBranches: 13
}
  缂撳瓨涓殑 displayDepth: undefined
  鏈€缁堣缃殑 displayDepth: 6

馃攧 鎭㈠鑺傜偣: Literal
  isRoot: false
  浼犲叆鐨?curDisplayDepth: 6
  shouldBreakLine: undefined
  orBranchInfo: undefined
  缂撳瓨涓殑 displayDepth: undefined
  鏈€缁堣缃殑 displayDepth: 6

馃攧 鎭㈠鑺傜偣: Literal
  isRoot: false
  浼犲叆鐨?curDisplayDepth: 6
  shouldBreakLine: true
  orBranchInfo: {
  orIndex: 0,
  branchIndex: undefined,
  isOrEntry: true,
  isOrBranch: false,
  totalBranches: undefined
}
  缂撳瓨涓殑 displayDepth: undefined
  瀛愯妭鐐逛笖闇€瑕佹柇閾撅紝娣卞害 +1 鈫?7
  鏈€缁堣缃殑 displayDepth: 7

馃攧 鎭㈠鑺傜偣: Literal
  isRoot: false
  浼犲叆鐨?curDisplayDepth: 7
  shouldBreakLine: true
  orBranchInfo: {
  orIndex: 0,
  branchIndex: 3,
  isOrEntry: false,
  isOrBranch: true,
  totalBranches: 5
}
  缂撳瓨涓殑 displayDepth: undefined
  瀛愯妭鐐逛笖闇€瑕佹柇閾撅紝娣卞害 +1 鈫?8
  鏈€缁堣缃殑 displayDepth: 8

馃攧 鎭㈠鑺傜偣: Token
  isRoot: false
  浼犲叆鐨?curDisplayDepth: 8
  shouldBreakLine: true
  orBranchInfo: undefined
  缂撳瓨涓殑 displayDepth: undefined
  瀛愯妭鐐逛笖闇€瑕佹柇閾撅紝娣卞害 +1 鈫?9
  鏈€缁堣缃殑 displayDepth: 9

馃攧 鎭㈠鑺傜偣: UpdateExpression
  isRoot: false
  浼犲叆鐨?curDisplayDepth: 5
  shouldBreakLine: true
  orBranchInfo: {
  orIndex: 0,
  branchIndex: 4,
  isOrEntry: false,
  isOrBranch: true,
  totalBranches: 5
}
  缂撳瓨涓殑 displayDepth: undefined
  瀛愯妭鐐逛笖闇€瑕佹柇閾撅紝娣卞害 +1 鈫?6
  鏈€缁堣缃殑 displayDepth: 6

馃攧 鎭㈠鑺傜偣: LeftHandSideExpression
  isRoot: false
  浼犲叆鐨?curDisplayDepth: 6
  shouldBreakLine: undefined
  orBranchInfo: undefined
  缂撳瓨涓殑 displayDepth: undefined
  鏈€缁堣缃殑 displayDepth: 6

馃攧 鎭㈠鑺傜偣: LeftHandSideExpression
  isRoot: false
  浼犲叆鐨?curDisplayDepth: 6
  shouldBreakLine: undefined
  orBranchInfo: {
  orIndex: 0,
  branchIndex: undefined,
  isOrEntry: true,
  isOrBranch: false,
  totalBranches: undefined
}
  缂撳瓨涓殑 displayDepth: undefined
  鏈€缁堣缃殑 displayDepth: 6

馃攧 鎭㈠鑺傜偣: LeftHandSideExpression
  isRoot: false
  浼犲叆鐨?curDisplayDepth: 6
  shouldBreakLine: undefined
  orBranchInfo: {
  orIndex: 0,
  branchIndex: 0,
  isOrEntry: false,
  isOrBranch: true,
  totalBranches: 3
}
  缂撳瓨涓殑 displayDepth: undefined
  鏈€缁堣缃殑 displayDepth: 6

馃攧 鎭㈠鑺傜偣: NewExpression
  isRoot: false
  浼犲叆鐨?curDisplayDepth: 6
  shouldBreakLine: undefined
  orBranchInfo: undefined
  缂撳瓨涓殑 displayDepth: undefined
  鏈€缁堣缃殑 displayDepth: 6

馃攧 鎭㈠鑺傜偣: NewExpression
  isRoot: false
  浼犲叆鐨?curDisplayDepth: 6
  shouldBreakLine: undefined
  orBranchInfo: {
  orIndex: 0,
  branchIndex: undefined,
  isOrEntry: true,
  isOrBranch: false,
  totalBranches: undefined
}
  缂撳瓨涓殑 displayDepth: undefined
  鏈€缁堣缃殑 displayDepth: 6

馃攧 鎭㈠鑺傜偣: NewExpression
  isRoot: false
  浼犲叆鐨?curDisplayDepth: 6
  shouldBreakLine: undefined
  orBranchInfo: {
  orIndex: 0,
  branchIndex: 0,
  isOrEntry: false,
  isOrBranch: true,
  totalBranches: 2
}
  缂撳瓨涓殑 displayDepth: undefined
  鏈€缁堣缃殑 displayDepth: 6

馃攧 鎭㈠鑺傜偣: MemberExpression
  isRoot: false
  浼犲叆鐨?curDisplayDepth: 6
  shouldBreakLine: undefined
  orBranchInfo: undefined
  缂撳瓨涓殑 displayDepth: undefined
  鏈€缁堣缃殑 displayDepth: 6

馃攧 鎭㈠鑺傜偣: MemberExpression
  isRoot: false
  浼犲叆鐨?curDisplayDepth: 6
  shouldBreakLine: undefined
  orBranchInfo: {
  orIndex: 0,
  branchIndex: undefined,
  isOrEntry: true,
  isOrBranch: false,
  totalBranches: undefined
}
  缂撳瓨涓殑 displayDepth: undefined
  鏈€缁堣缃殑 displayDepth: 6

馃攧 鎭㈠鑺傜偣: MemberExpression
  isRoot: false
  浼犲叆鐨?curDisplayDepth: 6
  shouldBreakLine: undefined
  orBranchInfo: {
  orIndex: 0,
  branchIndex: 0,
  isOrEntry: false,
  isOrBranch: true,
  totalBranches: 4
}
  缂撳瓨涓殑 displayDepth: undefined
  鏈€缁堣缃殑 displayDepth: 6

馃攧 鎭㈠鑺傜偣: PrimaryExpression
  isRoot: false
  浼犲叆鐨?curDisplayDepth: 6
  shouldBreakLine: undefined
  orBranchInfo: undefined
  缂撳瓨涓殑 displayDepth: undefined
  鏈€缁堣缃殑 displayDepth: 6

馃攧 鎭㈠鑺傜偣: PrimaryExpression
  isRoot: false
  浼犲叆鐨?curDisplayDepth: 6
  shouldBreakLine: undefined
  orBranchInfo: {
  orIndex: 0,
  branchIndex: undefined,
  isOrEntry: true,
  isOrBranch: false,
  totalBranches: undefined
}
  缂撳瓨涓殑 displayDepth: undefined
  鏈€缁堣缃殑 displayDepth: 6

馃攧 鎭㈠鑺傜偣: PrimaryExpression
  isRoot: false
  浼犲叆鐨?curDisplayDepth: 6
  shouldBreakLine: undefined
  orBranchInfo: {
  orIndex: 0,
  branchIndex: 2,
  isOrEntry: false,
  isOrBranch: true,
  totalBranches: 13
}
  缂撳瓨涓殑 displayDepth: undefined
  鏈€缁堣缃殑 displayDepth: 6

馃攧 鎭㈠鑺傜偣: Literal
  isRoot: false
  浼犲叆鐨?curDisplayDepth: 6
  shouldBreakLine: undefined
  orBranchInfo: undefined
  缂撳瓨涓殑 displayDepth: undefined
  鏈€缁堣缃殑 displayDepth: 6

馃攧 鎭㈠鑺傜偣: Literal
  isRoot: false
  浼犲叆鐨?curDisplayDepth: 6
  shouldBreakLine: true
  orBranchInfo: {
  orIndex: 0,
  branchIndex: undefined,
  isOrEntry: true,
  isOrBranch: false,
  totalBranches: undefined
}
  缂撳瓨涓殑 displayDepth: undefined
  瀛愯妭鐐逛笖闇€瑕佹柇閾撅紝娣卞害 +1 鈫?7
  鏈€缁堣缃殑 displayDepth: 7

馃攧 鎭㈠鑺傜偣: Literal
  isRoot: false
  浼犲叆鐨?curDisplayDepth: 7
  shouldBreakLine: true
  orBranchInfo: {
  orIndex: 0,
  branchIndex: 3,
  isOrEntry: false,
  isOrBranch: true,
  totalBranches: 5
}
  缂撳瓨涓殑 displayDepth: undefined
  瀛愯妭鐐逛笖闇€瑕佹柇閾撅紝娣卞害 +1 鈫?8
  鏈€缁堣缃殑 displayDepth: 8

馃攧 鎭㈠鑺傜偣: Token
  isRoot: false
  浼犲叆鐨?curDisplayDepth: 8
  shouldBreakLine: true
  orBranchInfo: undefined
  缂撳瓨涓殑 displayDepth: undefined
  瀛愯妭鐐逛笖闇€瑕佹柇閾撅紝娣卞害 +1 鈫?9
  鏈€缁堣缃殑 displayDepth: 9

馃攧 鎭㈠鑺傜偣: ExponentiationExpression
  isRoot: false
  浼犲叆鐨?curDisplayDepth: 5
  shouldBreakLine: undefined
  orBranchInfo: {
  orIndex: 0,
  branchIndex: 1,
  isOrEntry: false,
  isOrBranch: true,
  totalBranches: 2
}
  缂撳瓨涓殑 displayDepth: undefined
  鏈€缁堣缃殑 displayDepth: 5

馃攧 鎭㈠鑺傜偣: UnaryExpression
  isRoot: false
  浼犲叆鐨?curDisplayDepth: 5
  shouldBreakLine: undefined
  orBranchInfo: undefined
  缂撳瓨涓殑 displayDepth: undefined
  鏈€缁堣缃殑 displayDepth: 5

馃攧 鎭㈠鑺傜偣: UnaryExpression
  isRoot: false
  浼犲叆鐨?curDisplayDepth: 5
  shouldBreakLine: true
  orBranchInfo: {
  orIndex: 0,
  branchIndex: undefined,
  isOrEntry: true,
  isOrBranch: false,
  totalBranches: undefined
}
  缂撳瓨涓殑 displayDepth: undefined
  瀛愯妭鐐逛笖闇€瑕佹柇閾撅紝娣卞害 +1 鈫?6
  鏈€缁堣缃殑 displayDepth: 6

馃攧 鎭㈠鑺傜偣: UnaryExpression
  isRoot: false
  浼犲叆鐨?curDisplayDepth: 6
  shouldBreakLine: true
  orBranchInfo: {
  orIndex: 0,
  branchIndex: 0,
  isOrEntry: false,
  isOrBranch: true,
  totalBranches: 8
}
  缂撳瓨涓殑 displayDepth: undefined
  瀛愯妭鐐逛笖闇€瑕佹柇閾撅紝娣卞害 +1 鈫?7
  鏈€缁堣缃殑 displayDepth: 7

馃攧 鎭㈠鑺傜偣: UpdateExpression
  isRoot: false
  浼犲叆鐨?curDisplayDepth: 7
  shouldBreakLine: undefined
  orBranchInfo: undefined
  缂撳瓨涓殑 displayDepth: undefined
  鏈€缁堣缃殑 displayDepth: 7

馃攧 鎭㈠鑺傜偣: UpdateExpression
  isRoot: false
  浼犲叆鐨?curDisplayDepth: 7
  shouldBreakLine: undefined
  orBranchInfo: {
  orIndex: 0,
  branchIndex: undefined,
  isOrEntry: true,
  isOrBranch: false,
  totalBranches: undefined
}
  缂撳瓨涓殑 displayDepth: undefined
  鏈€缁堣缃殑 displayDepth: 7

馃攧 鎭㈠鑺傜偣: UpdateExpression
  isRoot: false
  浼犲叆鐨?curDisplayDepth: 7
  shouldBreakLine: undefined
  orBranchInfo: {
  orIndex: 0,
  branchIndex: 0,
  isOrEntry: false,
  isOrBranch: true,
  totalBranches: 5
}
  缂撳瓨涓殑 displayDepth: undefined
  鏈€缁堣缃殑 displayDepth: 7

馃攧 鎭㈠鑺傜偣: LeftHandSideExpression
  isRoot: false
  浼犲叆鐨?curDisplayDepth: 7
  shouldBreakLine: undefined
  orBranchInfo: undefined
  缂撳瓨涓殑 displayDepth: undefined
  鏈€缁堣缃殑 displayDepth: 7

馃攧 鎭㈠鑺傜偣: LeftHandSideExpression
  isRoot: false
  浼犲叆鐨?curDisplayDepth: 7
  shouldBreakLine: undefined
  orBranchInfo: {
  orIndex: 0,
  branchIndex: undefined,
  isOrEntry: true,
  isOrBranch: false,
  totalBranches: undefined
}
  缂撳瓨涓殑 displayDepth: undefined
  鏈€缁堣缃殑 displayDepth: 7

馃攧 鎭㈠鑺傜偣: LeftHandSideExpression
  isRoot: false
  浼犲叆鐨?curDisplayDepth: 7
  shouldBreakLine: undefined
  orBranchInfo: {
  orIndex: 0,
  branchIndex: 0,
  isOrEntry: false,
  isOrBranch: true,
  totalBranches: 3
}
  缂撳瓨涓殑 displayDepth: undefined
  鏈€缁堣缃殑 displayDepth: 7

馃攧 鎭㈠鑺傜偣: NewExpression
  isRoot: false
  浼犲叆鐨?curDisplayDepth: 7
  shouldBreakLine: undefined
  orBranchInfo: undefined
  缂撳瓨涓殑 displayDepth: undefined
  鏈€缁堣缃殑 displayDepth: 7

馃攧 鎭㈠鑺傜偣: NewExpression
  isRoot: false
  浼犲叆鐨?curDisplayDepth: 7
  shouldBreakLine: undefined
  orBranchInfo: {
  orIndex: 0,
  branchIndex: undefined,
  isOrEntry: true,
  isOrBranch: false,
  totalBranches: undefined
}
  缂撳瓨涓殑 displayDepth: undefined
  鏈€缁堣缃殑 displayDepth: 7

馃攧 鎭㈠鑺傜偣: NewExpression
  isRoot: false
  浼犲叆鐨?curDisplayDepth: 7
  shouldBreakLine: undefined
  orBranchInfo: {
  orIndex: 0,
  branchIndex: 0,
  isOrEntry: false,
  isOrBranch: true,
  totalBranches: 2
}
  缂撳瓨涓殑 displayDepth: undefined
  鏈€缁堣缃殑 displayDepth: 7

馃攧 鎭㈠鑺傜偣: MemberExpression
  isRoot: false
  浼犲叆鐨?curDisplayDepth: 7
  shouldBreakLine: undefined
  orBranchInfo: undefined
  缂撳瓨涓殑 displayDepth: undefined
  鏈€缁堣缃殑 displayDepth: 7

馃攧 鎭㈠鑺傜偣: MemberExpression
  isRoot: false
  浼犲叆鐨?curDisplayDepth: 7
  shouldBreakLine: undefined
  orBranchInfo: {
  orIndex: 0,
  branchIndex: undefined,
  isOrEntry: true,
  isOrBranch: false,
  totalBranches: undefined
}
  缂撳瓨涓殑 displayDepth: undefined
  鏈€缁堣缃殑 displayDepth: 7

馃攧 鎭㈠鑺傜偣: MemberExpression
  isRoot: false
  浼犲叆鐨?curDisplayDepth: 7
  shouldBreakLine: undefined
  orBranchInfo: {
  orIndex: 0,
  branchIndex: 0,
  isOrEntry: false,
  isOrBranch: true,
  totalBranches: 4
}
  缂撳瓨涓殑 displayDepth: undefined
  鏈€缁堣缃殑 displayDepth: 7

馃攧 鎭㈠鑺傜偣: PrimaryExpression
  isRoot: false
  浼犲叆鐨?curDisplayDepth: 7
  shouldBreakLine: undefined
  orBranchInfo: undefined
  缂撳瓨涓殑 displayDepth: undefined
  鏈€缁堣缃殑 displayDepth: 7

馃攧 鎭㈠鑺傜偣: PrimaryExpression
  isRoot: false
  浼犲叆鐨?curDisplayDepth: 7
  shouldBreakLine: undefined
  orBranchInfo: {
  orIndex: 0,
  branchIndex: undefined,
  isOrEntry: true,
  isOrBranch: false,
  totalBranches: undefined
}
  缂撳瓨涓殑 displayDepth: undefined
  鏈€缁堣缃殑 displayDepth: 7

馃攧 鎭㈠鑺傜偣: PrimaryExpression
  isRoot: false
  浼犲叆鐨?curDisplayDepth: 7
  shouldBreakLine: undefined
  orBranchInfo: {
  orIndex: 0,
  branchIndex: 2,
  isOrEntry: false,
  isOrBranch: true,
  totalBranches: 13
}
  缂撳瓨涓殑 displayDepth: undefined
  鏈€缁堣缃殑 displayDepth: 7

馃攧 鎭㈠鑺傜偣: Literal
  isRoot: false
  浼犲叆鐨?curDisplayDepth: 7
  shouldBreakLine: undefined
  orBranchInfo: undefined
  缂撳瓨涓殑 displayDepth: undefined
  鏈€缁堣缃殑 displayDepth: 7

馃攧 鎭㈠鑺傜偣: Literal
  isRoot: false
  浼犲叆鐨?curDisplayDepth: 7
  shouldBreakLine: true
  orBranchInfo: {
  orIndex: 0,
  branchIndex: undefined,
  isOrEntry: true,
  isOrBranch: false,
  totalBranches: undefined
}
  缂撳瓨涓殑 displayDepth: undefined
  瀛愯妭鐐逛笖闇€瑕佹柇閾撅紝娣卞害 +1 鈫?8
  鏈€缁堣缃殑 displayDepth: 8

馃攧 鎭㈠鑺傜偣: Literal
  isRoot: false
  浼犲叆鐨?curDisplayDepth: 8
  shouldBreakLine: true
  orBranchInfo: {
  orIndex: 0,
  branchIndex: 3,
  isOrEntry: false,
  isOrBranch: true,
  totalBranches: 5
}
  缂撳瓨涓殑 displayDepth: undefined
  瀛愯妭鐐逛笖闇€瑕佹柇閾撅紝娣卞害 +1 鈫?9
  鏈€缁堣缃殑 displayDepth: 9

馃攧 鎭㈠鑺傜偣: Token
  isRoot: false
  浼犲叆鐨?curDisplayDepth: 9
  shouldBreakLine: true
  orBranchInfo: undefined
  缂撳瓨涓殑 displayDepth: undefined
  瀛愯妭鐐逛笖闇€瑕佹柇閾撅紝娣卞害 +1 鈫?10
  鏈€缁堣缃殑 displayDepth: 10

馃攧 鎭㈠鑺傜偣: UpdateExpression
  isRoot: false
  浼犲叆鐨?curDisplayDepth: 7
  shouldBreakLine: true
  orBranchInfo: {
  orIndex: 0,
  branchIndex: 1,
  isOrEntry: false,
  isOrBranch: true,
  totalBranches: 5
}
  缂撳瓨涓殑 displayDepth: undefined
  瀛愯妭鐐逛笖闇€瑕佹柇閾撅紝娣卞害 +1 鈫?8
  鏈€缁堣缃殑 displayDepth: 8

馃攧 鎭㈠鑺傜偣: LeftHandSideExpression
  isRoot: false
  浼犲叆鐨?curDisplayDepth: 8
  shouldBreakLine: undefined
  orBranchInfo: undefined
  缂撳瓨涓殑 displayDepth: undefined
  鏈€缁堣缃殑 displayDepth: 8

馃攧 鎭㈠鑺傜偣: LeftHandSideExpression
  isRoot: false
  浼犲叆鐨?curDisplayDepth: 8
  shouldBreakLine: undefined
  orBranchInfo: {
  orIndex: 0,
  branchIndex: undefined,
  isOrEntry: true,
  isOrBranch: false,
  totalBranches: undefined
}
  缂撳瓨涓殑 displayDepth: undefined
  鏈€缁堣缃殑 displayDepth: 8

馃攧 鎭㈠鑺傜偣: LeftHandSideExpression
  isRoot: false
  浼犲叆鐨?curDisplayDepth: 8
  shouldBreakLine: undefined
  orBranchInfo: {
  orIndex: 0,
  branchIndex: 0,
  isOrEntry: false,
  isOrBranch: true,
  totalBranches: 3
}
  缂撳瓨涓殑 displayDepth: undefined
  鏈€缁堣缃殑 displayDepth: 8

馃攧 鎭㈠鑺傜偣: NewExpression
  isRoot: false
  浼犲叆鐨?curDisplayDepth: 8
  shouldBreakLine: undefined
  orBranchInfo: undefined
  缂撳瓨涓殑 displayDepth: undefined
  鏈€缁堣缃殑 displayDepth: 8

馃攧 鎭㈠鑺傜偣: NewExpression
  isRoot: false
  浼犲叆鐨?curDisplayDepth: 8
  shouldBreakLine: undefined
  orBranchInfo: {
  orIndex: 0,
  branchIndex: undefined,
  isOrEntry: true,
  isOrBranch: false,
  totalBranches: undefined
}
  缂撳瓨涓殑 displayDepth: undefined
  鏈€缁堣缃殑 displayDepth: 8

馃攧 鎭㈠鑺傜偣: NewExpression
  isRoot: false
  浼犲叆鐨?curDisplayDepth: 8
  shouldBreakLine: undefined
  orBranchInfo: {
  orIndex: 0,
  branchIndex: 0,
  isOrEntry: false,
  isOrBranch: true,
  totalBranches: 2
}
  缂撳瓨涓殑 displayDepth: undefined
  鏈€缁堣缃殑 displayDepth: 8

馃攧 鎭㈠鑺傜偣: MemberExpression
  isRoot: false
  浼犲叆鐨?curDisplayDepth: 8
  shouldBreakLine: undefined
  orBranchInfo: undefined
  缂撳瓨涓殑 displayDepth: undefined
  鏈€缁堣缃殑 displayDepth: 8

馃攧 鎭㈠鑺傜偣: MemberExpression
  isRoot: false
  浼犲叆鐨?curDisplayDepth: 8
  shouldBreakLine: undefined
  orBranchInfo: {
  orIndex: 0,
  branchIndex: undefined,
  isOrEntry: true,
  isOrBranch: false,
  totalBranches: undefined
}
  缂撳瓨涓殑 displayDepth: undefined
  鏈€缁堣缃殑 displayDepth: 8

馃攧 鎭㈠鑺傜偣: MemberExpression
  isRoot: false
  浼犲叆鐨?curDisplayDepth: 8
  shouldBreakLine: undefined
  orBranchInfo: {
  orIndex: 0,
  branchIndex: 0,
  isOrEntry: false,
  isOrBranch: true,
  totalBranches: 4
}
  缂撳瓨涓殑 displayDepth: undefined
  鏈€缁堣缃殑 displayDepth: 8

馃攧 鎭㈠鑺傜偣: PrimaryExpression
  isRoot: false
  浼犲叆鐨?curDisplayDepth: 8
  shouldBreakLine: undefined
  orBranchInfo: undefined
  缂撳瓨涓殑 displayDepth: undefined
  鏈€缁堣缃殑 displayDepth: 8

馃攧 鎭㈠鑺傜偣: PrimaryExpression
  isRoot: false
  浼犲叆鐨?curDisplayDepth: 8
  shouldBreakLine: undefined
  orBranchInfo: {
  orIndex: 0,
  branchIndex: undefined,
  isOrEntry: true,
  isOrBranch: false,
  totalBranches: undefined
}
  缂撳瓨涓殑 displayDepth: undefined
  鏈€缁堣缃殑 displayDepth: 8

馃攧 鎭㈠鑺傜偣: PrimaryExpression
  isRoot: false
  浼犲叆鐨?curDisplayDepth: 8
  shouldBreakLine: undefined
  orBranchInfo: {
  orIndex: 0,
  branchIndex: 2,
  isOrEntry: false,
  isOrBranch: true,
  totalBranches: 13
}
  缂撳瓨涓殑 displayDepth: undefined
  鏈€缁堣缃殑 displayDepth: 8

馃攧 鎭㈠鑺傜偣: Literal
  isRoot: false
  浼犲叆鐨?curDisplayDepth: 8
  shouldBreakLine: undefined
  orBranchInfo: undefined
  缂撳瓨涓殑 displayDepth: undefined
  鏈€缁堣缃殑 displayDepth: 8

馃攧 鎭㈠鑺傜偣: Literal
  isRoot: false
  浼犲叆鐨?curDisplayDepth: 8
  shouldBreakLine: true
  orBranchInfo: {
  orIndex: 0,
  branchIndex: undefined,
  isOrEntry: true,
  isOrBranch: false,
  totalBranches: undefined
}
  缂撳瓨涓殑 displayDepth: undefined
  瀛愯妭鐐逛笖闇€瑕佹柇閾撅紝娣卞害 +1 鈫?9
  鏈€缁堣缃殑 displayDepth: 9

馃攧 鎭㈠鑺傜偣: Literal
  isRoot: false
  浼犲叆鐨?curDisplayDepth: 9
  shouldBreakLine: true
  orBranchInfo: {
  orIndex: 0,
  branchIndex: 3,
  isOrEntry: false,
  isOrBranch: true,
  totalBranches: 5
}
  缂撳瓨涓殑 displayDepth: undefined
  瀛愯妭鐐逛笖闇€瑕佹柇閾撅紝娣卞害 +1 鈫?10
  鏈€缁堣缃殑 displayDepth: 10

馃攧 鎭㈠鑺傜偣: Token
  isRoot: false
  浼犲叆鐨?curDisplayDepth: 10
  shouldBreakLine: true
  orBranchInfo: undefined
  缂撳瓨涓殑 displayDepth: undefined
  瀛愯妭鐐逛笖闇€瑕佹柇閾撅紝娣卞害 +1 鈫?11
  鏈€缁堣缃殑 displayDepth: 11

馃攧 鎭㈠鑺傜偣: UpdateExpression
  isRoot: false
  浼犲叆鐨?curDisplayDepth: 7
  shouldBreakLine: true
  orBranchInfo: {
  orIndex: 0,
  branchIndex: 4,
  isOrEntry: false,
  isOrBranch: true,
  totalBranches: 5
}
  缂撳瓨涓殑 displayDepth: undefined
  瀛愯妭鐐逛笖闇€瑕佹柇閾撅紝娣卞害 +1 鈫?8
  鏈€缁堣缃殑 displayDepth: 8

馃攧 鎭㈠鑺傜偣: LeftHandSideExpression
  isRoot: false
  浼犲叆鐨?curDisplayDepth: 8
  shouldBreakLine: undefined
  orBranchInfo: undefined
  缂撳瓨涓殑 displayDepth: undefined
  鏈€缁堣缃殑 displayDepth: 8

馃攧 鎭㈠鑺傜偣: LeftHandSideExpression
  isRoot: false
  浼犲叆鐨?curDisplayDepth: 8
  shouldBreakLine: undefined
  orBranchInfo: {
  orIndex: 0,
  branchIndex: undefined,
  isOrEntry: true,
  isOrBranch: false,
  totalBranches: undefined
}
  缂撳瓨涓殑 displayDepth: undefined
  鏈€缁堣缃殑 displayDepth: 8

馃攧 鎭㈠鑺傜偣: LeftHandSideExpression
  isRoot: false
  浼犲叆鐨?curDisplayDepth: 8
  shouldBreakLine: undefined
  orBranchInfo: {
  orIndex: 0,
  branchIndex: 0,
  isOrEntry: false,
  isOrBranch: true,
  totalBranches: 3
}
  缂撳瓨涓殑 displayDepth: undefined
  鏈€缁堣缃殑 displayDepth: 8

馃攧 鎭㈠鑺傜偣: NewExpression
  isRoot: false
  浼犲叆鐨?curDisplayDepth: 8
  shouldBreakLine: undefined
  orBranchInfo: undefined
  缂撳瓨涓殑 displayDepth: undefined
  鏈€缁堣缃殑 displayDepth: 8

馃攧 鎭㈠鑺傜偣: NewExpression
  isRoot: false
  浼犲叆鐨?curDisplayDepth: 8
  shouldBreakLine: undefined
  orBranchInfo: {
  orIndex: 0,
  branchIndex: undefined,
  isOrEntry: true,
  isOrBranch: false,
  totalBranches: undefined
}
  缂撳瓨涓殑 displayDepth: undefined
  鏈€缁堣缃殑 displayDepth: 8

馃攧 鎭㈠鑺傜偣: NewExpression
  isRoot: false
  浼犲叆鐨?curDisplayDepth: 8
  shouldBreakLine: undefined
  orBranchInfo: {
  orIndex: 0,
  branchIndex: 0,
  isOrEntry: false,
  isOrBranch: true,
  totalBranches: 2
}
  缂撳瓨涓殑 displayDepth: undefined
  鏈€缁堣缃殑 displayDepth: 8

馃攧 鎭㈠鑺傜偣: MemberExpression
  isRoot: false
  浼犲叆鐨?curDisplayDepth: 8
  shouldBreakLine: undefined
  orBranchInfo: undefined
  缂撳瓨涓殑 displayDepth: undefined
  鏈€缁堣缃殑 displayDepth: 8

馃攧 鎭㈠鑺傜偣: MemberExpression
  isRoot: false
  浼犲叆鐨?curDisplayDepth: 8
  shouldBreakLine: undefined
  orBranchInfo: {
  orIndex: 0,
  branchIndex: undefined,
  isOrEntry: true,
  isOrBranch: false,
  totalBranches: undefined
}
  缂撳瓨涓殑 displayDepth: undefined
  鏈€缁堣缃殑 displayDepth: 8

馃攧 鎭㈠鑺傜偣: MemberExpression
  isRoot: false
  浼犲叆鐨?curDisplayDepth: 8
  shouldBreakLine: undefined
  orBranchInfo: {
  orIndex: 0,
  branchIndex: 0,
  isOrEntry: false,
  isOrBranch: true,
  totalBranches: 4
}
  缂撳瓨涓殑 displayDepth: undefined
  鏈€缁堣缃殑 displayDepth: 8

馃攧 鎭㈠鑺傜偣: PrimaryExpression
  isRoot: false
  浼犲叆鐨?curDisplayDepth: 8
  shouldBreakLine: undefined
  orBranchInfo: undefined
  缂撳瓨涓殑 displayDepth: undefined
  鏈€缁堣缃殑 displayDepth: 8

馃攧 鎭㈠鑺傜偣: PrimaryExpression
  isRoot: false
  浼犲叆鐨?curDisplayDepth: 8
  shouldBreakLine: undefined
  orBranchInfo: {
  orIndex: 0,
  branchIndex: undefined,
  isOrEntry: true,
  isOrBranch: false,
  totalBranches: undefined
}
  缂撳瓨涓殑 displayDepth: undefined
  鏈€缁堣缃殑 displayDepth: 8

馃攧 鎭㈠鑺傜偣: PrimaryExpression
  isRoot: false
  浼犲叆鐨?curDisplayDepth: 8
  shouldBreakLine: undefined
  orBranchInfo: {
  orIndex: 0,
  branchIndex: 2,
  isOrEntry: false,
  isOrBranch: true,
  totalBranches: 13
}
  缂撳瓨涓殑 displayDepth: undefined
  鏈€缁堣缃殑 displayDepth: 8

馃攧 鎭㈠鑺傜偣: Literal
  isRoot: false
  浼犲叆鐨?curDisplayDepth: 8
  shouldBreakLine: undefined
  orBranchInfo: undefined
  缂撳瓨涓殑 displayDepth: undefined
  鏈€缁堣缃殑 displayDepth: 8

馃攧 鎭㈠鑺傜偣: Literal
  isRoot: false
  浼犲叆鐨?curDisplayDepth: 8
  shouldBreakLine: true
  orBranchInfo: {
  orIndex: 0,
  branchIndex: undefined,
  isOrEntry: true,
  isOrBranch: false,
  totalBranches: undefined
}
  缂撳瓨涓殑 displayDepth: undefined
  瀛愯妭鐐逛笖闇€瑕佹柇閾撅紝娣卞害 +1 鈫?9
  鏈€缁堣缃殑 displayDepth: 9

馃攧 鎭㈠鑺傜偣: Literal
  isRoot: false
  浼犲叆鐨?curDisplayDepth: 9
  shouldBreakLine: true
  orBranchInfo: {
  orIndex: 0,
  branchIndex: 3,
  isOrEntry: false,
  isOrBranch: true,
  totalBranches: 5
}
  缂撳瓨涓殑 displayDepth: undefined
  瀛愯妭鐐逛笖闇€瑕佹柇閾撅紝娣卞害 +1 鈫?10
  鏈€缁堣缃殑 displayDepth: 10

馃攧 鎭㈠鑺傜偣: Token
  isRoot: false
  浼犲叆鐨?curDisplayDepth: 10
  shouldBreakLine: true
  orBranchInfo: undefined
  缂撳瓨涓殑 displayDepth: undefined
  瀛愯妭鐐逛笖闇€瑕佹柇閾撅紝娣卞害 +1 鈫?11
  鏈€缁堣缃殑 displayDepth: 11
鈹? 鈹? 鈹? 鈹? 鈹? 鈹溾攢ShortCircuitExpression > LogicalORExpression > LogicalANDExpression > ... > PrimaryExpression > Literal
鈹? 鈹? 鈹? 鈹? 鈹? 鈹? 鈹溾攢馃攢 Literal(Or) 鈿Cached] 6
鈹? 鈹? 鈹? 鈹? 鈹? 鈹? 鈹? 鈹溾攢[Branch #4] 鈿Cached] 7
鈹? 鈹? 鈹? 鈹? 鈹? 鈹? 鈹? 鈹? 鈹溾攢馃敼 Consume token[3] - 1 - <NumericLiteral> [] 鉁? 鈿Cached] 8
鈹? 鈹? 鈹? 鈹? 鈹? 鈹? 鈹? 鈹? 鈹? 鈹斺攢[Branch #2] 鈿Cached] 9
鈹? 鈹? 鈹? 鈹? 鈹? 鈹? 鈹溾攢LeftHandSideExpression > NewExpression > MemberExpression > PrimaryExpression > Literal
鈹? 鈹? 鈹? 鈹? 鈹? 鈹? 鈹? 鈹溾攢馃攢 Literal(Or) 鈿Cached] 7
鈹? 鈹? 鈹? 鈹? 鈹? 鈹? 鈹? 鈹? 鈹溾攢[Branch #4] 鈿Cached] 8
鈹? 鈹? 鈹? 鈹? 鈹? 鈹? 鈹? 鈹? 鈹? 鈹溾攢馃敼 Consume token[3] - 1 - <NumericLiteral> [] 鉁? 鈿Cached] 9
鈹? 鈹? 鈹? 鈹? 鈹? 鈹? 鈹? 鈹? 鈹? 鈹? 鈹斺攢[Branch #5] 鈿Cached] 10
鈹? 鈹? 鈹? 鈹? 鈹? 鈹? 鈹溾攢LeftHandSideExpression > NewExpression > MemberExpression > PrimaryExpression > Literal
鈹? 鈹? 鈹? 鈹? 鈹? 鈹? 鈹? 鈹溾攢馃攢 Literal(Or) 鈿Cached] 7
鈹? 鈹? 鈹? 鈹? 鈹? 鈹? 鈹? 鈹? 鈹溾攢[Branch #4] 鈿Cached] 8
鈹? 鈹? 鈹? 鈹? 鈹? 鈹? 鈹? 鈹? 鈹? 鈹斺攢馃敼 Consume token[3] - 1 - <NumericLiteral> [] 鉁? 鈿Cached] 9
鈹? 鈹? 鈹? 鈹? 鈹? 鈹溾攢UnaryExpression
鈹? 鈹? 鈹? 鈹? 鈹? 鈹? 鈹溾攢馃攢 UnaryExpression(Or) 鈿Cached] 6
鈹? 鈹? 鈹? 鈹? 鈹? 鈹? 鈹? 鈹斺攢[Branch #1] 鈿Cached] 7
鈹? 鈹? 鈹? 鈹? 鈹? 鈹? 鈹? 鈹溾攢UpdateExpression > LeftHandSideExpression > NewExpression > ... > PrimaryExpression > Literal
鈹? 鈹? 鈹? 鈹? 鈹? 鈹? 鈹? 鈹? 鈹溾攢馃攢 Literal(Or) 鈿Cached] 8
鈹? 鈹? 鈹? 鈹? 鈹? 鈹? 鈹? 鈹? 鈹? 鈹溾攢[Branch #4] 鈿Cached] 9
鈹? 鈹? 鈹? 鈹? 鈹? 鈹? 鈹? 鈹? 鈹? 鈹? 鈹溾攢馃敼 Consume token[3] - 1 - <NumericLiteral> [] 鉁? 鈿Cached] 10
鈹? 鈹? 鈹? 鈹? 鈹? 鈹? 鈹? 鈹? 鈹? 鈹? 鈹? 鈹斺攢[Branch #2] 鈿Cached] 11
鈹? 鈹? 鈹? 鈹? 鈹? 鈹? 鈹? 鈹? 鈹溾攢LeftHandSideExpression > NewExpression > MemberExpression > PrimaryExpression > Literal
鈹? 鈹? 鈹? 鈹? 鈹? 鈹? 鈹? 鈹? 鈹? 鈹溾攢馃攢 Literal(Or) 鈿Cached] 9
鈹? 鈹? 鈹? 鈹? 鈹? 鈹? 鈹? 鈹? 鈹? 鈹? 鈹溾攢[Branch #4] 鈿Cached] 10
鈹? 鈹? 鈹? 鈹? 鈹? 鈹? 鈹? 鈹? 鈹? 鈹? 鈹? 鈹溾攢馃敼 Consume token[3] - 1 - <NumericLiteral> [] 鉁? 鈿Cached] 11
鈹? 鈹? 鈹? 鈹? 鈹? 鈹? 鈹? 鈹? 鈹? 鈹? 鈹? 鈹? 鈹斺攢[Branch #5] 鈿Cached] 12
鈹? 鈹? 鈹? 鈹? 鈹? 鈹? 鈹? 鈹? 鈹溾攢LeftHandSideExpression > NewExpression > MemberExpression > PrimaryExpression > Literal
鈹? 鈹? 鈹? 鈹? 鈹? 鈹? 鈹? 鈹? 鈹? 鈹溾攢馃攢 Literal(Or) 鈿Cached] 9
鈹? 鈹? 鈹? 鈹? 鈹? 鈹? 鈹? 鈹? 鈹? 鈹? 鈹溾攢[Branch #4] 鈿Cached] 10
鈹? 鈹? 鈹? 鈹? 鈹? 鈹? 鈹? 鈹? 鈹? 鈹? 鈹? 鈹斺攢馃敼 Consume token[3] - 1 - <NumericLiteral> [] 鉁? 鈿Cached] 11

鉁?Script 瑙ｆ瀽鎴愬姛锛圱oken瀹屾暣: 4/4锛?
================================================================================
馃帀 鎵€鏈夊眰绾ф祴璇曢€氳繃锛?================================================================================
