馃攳 Es2025Parser MWE + 浜屽垎澧為噺璋冭瘯
================================================================================
馃摑 浠ｇ爜: let a = 1
鉁?璇嶆硶鍒嗘瀽: 4 tokens

馃敩 浜屽垎澧為噺璋冭瘯妯″紡
================================================================================
绛栫暐锛氫粠鏈€搴曞眰瑙勫垯閫愬眰娴嬭瘯锛屾壘鍑洪棶棰樺眰绾?

[鈻竇 娴嬭瘯灞傜骇 1: LexicalDeclaration
--------------------------------------------------------------------------------

鉁?LexicalDeclaration 瑙ｆ瀽鎴愬姛锛圱oken瀹屾暣: 4/4锛?
[鈻糕柛] 娴嬭瘯灞傜骇 2: Declaration
--------------------------------------------------------------------------------

鉁?Declaration 瑙ｆ瀽鎴愬姛锛圱oken瀹屾暣: 4/4锛?
[鈻糕柛鈻竇 娴嬭瘯灞傜骇 3: StatementListItem
--------------------------------------------------------------------------------

鉁?StatementListItem 瑙ｆ瀽鎴愬姛锛圱oken瀹屾暣: 4/4锛?
[鈻糕柛鈻糕柛] 娴嬭瘯灞傜骇 4: StatementList
--------------------------------------------------------------------------------

鉁?StatementList 瑙ｆ瀽鎴愬姛锛圱oken瀹屾暣: 4/4锛?
[鈻糕柛鈻糕柛鈻竇 娴嬭瘯灞傜骇 5: Script
--------------------------------------------------------------------------------
鈹溾攢Script > StatementList > StatementListItem > ... > LexicalDeclaration > LetOrConst
鈹? 鈹溾攢馃攢 LetOrConst(Or)
鈹? 鈹? 鈹斺攢[Branch #1]
鈹? 鈹? 鈹? 鈹斺攢馃敼 Consume token[0] - let - <LetTok> [1:1-3] 鉁?
鈹? 鈹溾攢BindingList > LexicalBinding > BindingIdentifier
鈹? 鈹? 鈹溾攢[Branch #1]
鈹? 鈹? 鈹? 鈹斺攢Identifier
鈹? 鈹? 鈹? 鈹? 鈹斺攢馃敼 Consume token[1] - a - <Identifier> [1:5-5] 鉁?
鈹? 鈹? 鈹斺攢Initializer
鈹? 鈹? 鈹? 鈹斺攢馃敼 Consume token[2] - = - <Assign> [1:7-7] 鉁?
鈹? 鈹? 鈹? 鈹溾攢AssignmentExpression > ConditionalExpression > ShortCircuitExpression > ... > PrimaryExpression > Literal
鈹? 鈹? 鈹? 鈹? 鈹溾攢馃攢 Literal(Or)
鈹? 鈹? 鈹? 鈹? 鈹? 鈹斺攢[Branch #4]
鈹? 鈹? 鈹? 鈹? 鈹? 鈹? 鈹斺攢馃敼 Consume token[3] - 1 - <NumericLiteral> [1:9-9] 鉁?
鈹? 鈹? 鈹? 鈹? 鈹斺攢[Branch #2]
get key:LeftHandSideExpression:3:0:0:-1:-1::
LeftHandSideExpression
[ 'LeftHandSideExpression:3:1:0:0:-1::' ]
get key:LeftHandSideExpression:3:1:0:0:-1::
LeftHandSideExpression
[ 'LeftHandSideExpression:3:0:1:0:0::' ]
get key:LeftHandSideExpression:3:0:1:0:0::
LeftHandSideExpression
[ 'NewExpression:3:0:0:-1:-1::' ]
get key:NewExpression:3:0:0:-1:-1::
NewExpression
[ 'NewExpression:3:1:0:0:-1::' ]
get key:NewExpression:3:1:0:0:-1::
NewExpression
[ 'NewExpression:3:0:1:0:0::' ]
get key:NewExpression:3:0:1:0:0::
NewExpression
[ 'MemberExpression:3:0:0:-1:-1::' ]
get key:MemberExpression:3:0:0:-1:-1::
MemberExpression
[ 'MemberExpression:3:1:0:0:-1::' ]
get key:MemberExpression:3:1:0:0:-1::
MemberExpression
[ 'MemberExpression:3:0:1:0:0::' ]
get key:MemberExpression:3:0:1:0:0::
MemberExpression
[ 'PrimaryExpression:3:0:0:-1:-1::' ]
get key:PrimaryExpression:3:0:0:-1:-1::
PrimaryExpression
[ 'PrimaryExpression:3:1:0:0:-1::' ]
get key:PrimaryExpression:3:1:0:0:-1::
PrimaryExpression
[ 'PrimaryExpression:3:0:1:0:2::' ]
get key:PrimaryExpression:3:0:1:0:2::
PrimaryExpression
[ 'Literal:3:0:0:-1:-1::' ]
get key:Literal:3:0:0:-1:-1::
Literal
[ 'Literal:3:1:0:0:-1::' ]
get key:Literal:3:1:0:0:-1::
Literal
[ 'Literal:3:0:1:0:3::' ]
get key:Literal:3:0:1:0:3::
Literal
[ 'undefined:3:0:0:-1:-1:1:NumericLiteral' ]
get key:undefined:3:0:0:-1:-1:1:NumericLiteral
undefined
undefined
cacheKey
LeftHandSideExpression:3:0:0:-1:-1::
[
  'Script',
  'StatementList',
  'StatementListItem',
  'StatementListItem',
  'StatementListItem',
  'Declaration',
  'Declaration',
  'Declaration',
  'LexicalDeclaration',
  'BindingList',
  'LexicalBinding',
  'LexicalBinding',
  'LexicalBinding',
  'Initializer',
  'AssignmentExpression',
  'AssignmentExpression',
  'AssignmentExpression',
  'ConditionalExpression',
  'ConditionalExpression',
  'ConditionalExpression',
  'ShortCircuitExpression',
  'ShortCircuitExpression',
  'ShortCircuitExpression',
  'LogicalORExpression',
  'LogicalANDExpression',
  'BitwiseORExpression',
  'BitwiseXORExpression',
  'BitwiseANDExpression',
  'EqualityExpression',
  'RelationalExpression',
  'ShiftExpression',
  'AdditiveExpression',
  'MultiplicativeExpression',
  'ExponentiationExpression',
  'ExponentiationExpression',
  'ExponentiationExpression',
  'UpdateExpression',
  'UpdateExpression',
  'UpdateExpression',
  'LeftHandSideExpression',
  'LeftHandSideExpression',
  'LeftHandSideExpression',
  'NewExpression',
  'NewExpression',
  'NewExpression',
  'MemberExpression',
  'MemberExpression',
  'MemberExpression',
  'PrimaryExpression',
  'PrimaryExpression',
  'PrimaryExpression',
  'Literal',
  'Literal',
  'Literal',
  undefined
]
[
  true,  true,  true,  true,  true,  true,  true,
  true,  true,  true,  true,  true,  true,  true,
  true,  true,  true,  true,  true,  true,  true,
  true,  true,  true,  true,  true,  true,  true,
  true,  true,  true,  true,  true,  true,  true,
  true,  true,  true,  true,  false, false, false,
  false, false, false, false, false, false, false,
  false, false, false, false, false, false
]
鈹? 鈹? 鈹? 鈹? 鈹? 鈹溾攢LeftHandSideExpression > NewExpression > MemberExpression > PrimaryExpression > Literal
鈹? 鈹? 鈹? 鈹? 鈹? 鈹? 鈹溾攢馃攢 Literal(Or) 鈿Cached]
鈹? 鈹? 鈹? 鈹? 鈹? 鈹? 鈹? 鈹溾攢[Branch #4] 鈿Cached]
鈹? 鈹? 鈹? 鈹? 鈹? 鈹? 鈹? 鈹? 鈹斺攢馃敼 Consume token[3] - 1 - <NumericLiteral> [] 鉁? 鈿Cached]
  鉂?閲嶅妫€娴嬶細瑙勫垯 LeftHandSideExpression 宸插瓨鍦ㄤ簬鐖惰妭鐐圭殑 childs 涓?  鐖惰妭鐐圭殑鎵€鏈夊瓙鑺傜偣閿?
    [0] LeftHandSideExpression:3:1:0:0:-1::

鉂?Script 瑙ｆ瀽澶辫触
   閿欒: 鉂?Rule LeftHandSideExpression already exists in parent rule LeftHandSideExpression's childs

馃攳 闂瀹氫綅: Script 灞傜骇鍑虹幇閿欒
   鉁?鍓嶄竴灞傜骇锛圫tatementList锛夊彲浠ュ伐浣?   鉂?褰撳墠灞傜骇锛圫cript锛夊嚭鐜伴棶棰?
馃挕 寤鸿: 妫€鏌?Script 鐨勫疄鐜帮紝鐗瑰埆鏄畠濡備綍璋冪敤 StatementList

馃搵 鍫嗘爤璺熻釜锛堝墠10琛岋級:
   Error: 鉂?Rule LeftHandSideExpression already exists in parent rule LeftHandSideExpression's childs
       at SubhutiTraceDebugger.onRuleExit (D:\project\qkyproject\test-volar\subhuti\src\SubhutiDebug.ts:1077:23)
       at _Es2025Parser.executeRuleWithCacheAndLoopDetection (D:\project\qkyproject\test-volar\subhuti\src\SubhutiParser.ts:322:37)
       at _Es2025Parser.executeRuleWrapper (D:\project\qkyproject\test-volar\subhuti\src\SubhutiParser.ts:294:21)
       at _Es2025Parser.LeftHandSideExpression (D:\project\qkyproject\test-volar\subhuti\src\SubhutiParser.ts:60:21)
       at Object.alt (D:\project\qkyproject\test-volar\slime\packages\slime-parser\src\language\es2025\Es2025Parser.ts:1090:26)
       at <anonymous> (D:\project\qkyproject\test-volar\subhuti\src\SubhutiParser.ts:475:21)
       at _Es2025Parser.withAllowError (D:\project\qkyproject\test-volar\subhuti\src\SubhutiParser.ts:133:20)
       at _Es2025Parser.Or (D:\project\qkyproject\test-volar\subhuti\src\SubhutiParser.ts:456:21)
       at _Es2025Parser.UpdateExpression (D:\project\qkyproject\test-volar\slime\packages\slime-parser\src\language\es2025\Es2025Parser.ts:1076:21)
